#
# There is insufficient memory for the Java Runtime Environment to continue.
# Native memory allocation (malloc) failed to allocate 1195696 bytes for Chunk::new
# Possible reasons:
#   The system is out of physical RAM or swap space
#   The process is running with CompressedOops enabled, and the Java Heap may be blocking the growth of the native heap
# Possible solutions:
#   Reduce memory load on the system
#   Increase physical memory or swap space
#   Check if swap backing store is full
#   Decrease Java heap size (-Xmx/-Xms)
#   Decrease number of Java threads
#   Decrease Java thread stack sizes (-Xss)
#   Set larger code cache with -XX:ReservedCodeCacheSize=
#   JVM is running with Unscaled Compressed Oops mode in which the Java heap is
#     placed in the first 4GB address space. The Java Heap base address is the
#     maximum limit for the native heap growth. Please use -XX:HeapBaseMinAddress
#     to set the Java Heap base and to place the Java Heap above 4GB virtual address.
# This output file may be truncated or incomplete.
#
#  Out of Memory Error (allocation.cpp:389), pid=55184, tid=0x000000000000cc4c
#
# JRE version: OpenJDK Runtime Environment (8.0_242-b01) (build 1.8.0_242-release-1644-b01)
# Java VM: OpenJDK 64-Bit Server VM (25.242-b01 mixed mode windows-amd64 compressed oops)
# Failed to write core dump. Minidumps are not enabled by default on client versions of Windows
#

---------------  T H R E A D  ---------------

Current thread (0x000000001a006800):  JavaThread "C2 CompilerThread1" daemon [_thread_in_native, id=52300, stack(0x000000001a9f0000,0x000000001aaf0000)]

Stack: [0x000000001a9f0000,0x000000001aaf0000]
[error occurred during error reporting (printing stack bounds), id 0xc0000005]

Native frames: (J=compiled Java code, j=interpreted, Vv=VM code, C=native code)


Current CompileTask:
C2: 114112 12157       4       com.android.builder.symbols.BytecodeRClassWriterKt::generateResourceTypeClass (595 bytes)


---------------  P R O C E S S  ---------------

Java Threads: ( => current thread )
  0x000000001c2d9000 JavaThread "Thread-83" [_thread_in_native, id=59216, stack(0x0000000028680000,0x0000000028780000)]
  0x000000001c2d8000 JavaThread "stdout" [_thread_in_native, id=53476, stack(0x0000000028580000,0x0000000028680000)]
  0x000000001c2d7800 JavaThread "stderr" [_thread_in_native, id=61308, stack(0x0000000028480000,0x0000000028580000)]
  0x000000001c2d0800 JavaThread "pool-4-thread-1" [_thread_blocked, id=58052, stack(0x0000000028380000,0x0000000028480000)]
  0x000000001c2d0000 JavaThread "WorkerExecutor Queue Thread 3" [_thread_blocked, id=49164, stack(0x0000000028280000,0x0000000028380000)]
  0x000000001c2d6800 JavaThread "WorkerExecutor Queue Thread 2" [_thread_blocked, id=60164, stack(0x0000000028180000,0x0000000028280000)]
  0x000000001c2cf000 JavaThread "WorkerExecutor Queue" [_thread_blocked, id=47896, stack(0x0000000027600000,0x0000000027700000)]
  0x000000001c2d6000 JavaThread "Cache worker for execution history cache (D:\apps\MadLevel2Task1\.gradle\6.1.1\executionHistory)" [_thread_blocked, id=58088, stack(0x0000000027e80000,0x0000000027f80000)]
  0x000000001c2d5000 JavaThread "Execution worker for ':' Thread 7" [_thread_blocked, id=49180, stack(0x0000000026030000,0x0000000026130000)]
  0x000000001ce54000 JavaThread "Execution worker for ':' Thread 6" [_thread_blocked, id=53948, stack(0x0000000025f30000,0x0000000026030000)]
  0x000000001ce58800 JavaThread "Execution worker for ':' Thread 5" [_thread_blocked, id=58824, stack(0x0000000025e30000,0x0000000025f30000)]
  0x000000001ce57800 JavaThread "Execution worker for ':' Thread 4" [_thread_blocked, id=60060, stack(0x0000000025d30000,0x0000000025e30000)]
  0x000000001ce52800 JavaThread "Execution worker for ':' Thread 3" [_thread_blocked, id=49668, stack(0x0000000025760000,0x0000000025860000)]
  0x000000001bc71800 JavaThread "Execution worker for ':' Thread 2" [_thread_blocked, id=59912, stack(0x0000000025310000,0x0000000025410000)]
  0x000000001bc70800 JavaThread "Execution worker for ':'" [_thread_blocked, id=43908, stack(0x0000000025210000,0x0000000025310000)]
  0x000000001bc73800 JavaThread "Cache worker for file content cache (D:\apps\MadLevel2Task1\.gradle\6.1.1\fileContent)" [_thread_blocked, id=54688, stack(0x0000000023440000,0x0000000023540000)]
  0x000000001bc72000 JavaThread "Cache worker for Build Output Cleanup Cache (D:\apps\MadLevel2Task1\.gradle\buildOutputCleanup)" [_thread_blocked, id=60828, stack(0x0000000022d40000,0x0000000022e40000)]
  0x000000001bc6f000 JavaThread "Build operations Thread 8" [_thread_blocked, id=60244, stack(0x0000000022c40000,0x0000000022d40000)]
  0x000000001bc73000 JavaThread "Build operations Thread 7" [_thread_blocked, id=44744, stack(0x0000000022b40000,0x0000000022c40000)]
  0x000000001bc74800 JavaThread "Build operations Thread 6" [_thread_blocked, id=29928, stack(0x0000000022a40000,0x0000000022b40000)]
  0x000000001a1b5000 JavaThread "Build operations Thread 5" [_thread_blocked, id=34048, stack(0x0000000022940000,0x0000000022a40000)]
  0x000000001a1b4800 JavaThread "Build operations Thread 4" [_thread_blocked, id=59252, stack(0x0000000022840000,0x0000000022940000)]
  0x000000001a1af000 JavaThread "Build operations Thread 3" [_thread_blocked, id=58388, stack(0x0000000022740000,0x0000000022840000)]
  0x000000001a1b3000 JavaThread "Build operations Thread 2" [_thread_blocked, id=58828, stack(0x0000000021e30000,0x0000000021f30000)]
  0x000000001a1b2000 JavaThread "Build operations" [_thread_blocked, id=46892, stack(0x0000000021830000,0x0000000021930000)]
  0x000000001a1ae800 JavaThread "Cache worker for cache directory md-rule (C:\Users\Roberto\.gradle\caches\6.1.1\md-rule)" [_thread_blocked, id=55528, stack(0x0000000021530000,0x0000000021630000)]
  0x000000001a1b1800 JavaThread "Cache worker for cache directory md-supplier (C:\Users\Roberto\.gradle\caches\6.1.1\md-supplier)" [_thread_blocked, id=55428, stack(0x0000000020200000,0x0000000020300000)]
  0x000000001a1b3800 JavaThread "Cache worker for file hash cache (D:\apps\MadLevel2Task1\.gradle\6.1.1\fileHashes)" [_thread_blocked, id=49628, stack(0x0000000020100000,0x0000000020200000)]
  0x000000001a1a7000 JavaThread "Cache worker for checksums cache (D:\apps\MadLevel2Task1\.gradle\checksums)" [_thread_blocked, id=31624, stack(0x000000001e630000,0x000000001e730000)]
  0x000000001a1a9000 JavaThread "Thread-56" [_thread_blocked, id=57452, stack(0x000000001e530000,0x000000001e630000)]
  0x000000001a1ad800 JavaThread "Stdin handler" [_thread_blocked, id=50104, stack(0x000000001e430000,0x000000001e530000)]
  0x000000001a1a6000 JavaThread "Asynchronous log dispatcher for DefaultDaemonConnection: socket connection from /127.0.0.1:63254 to /127.0.0.1:63261" [_thread_blocked, id=59176, stack(0x000000001e130000,0x000000001e230000)]
  0x000000001a1a7800 JavaThread "Daemon worker Thread 2" [_thread_blocked, id=34900, stack(0x000000001e030000,0x000000001e130000)]
  0x000000001a1aa800 JavaThread "Cancel handler" [_thread_blocked, id=55204, stack(0x0000000001530000,0x0000000001630000)]
  0x000000001a1a8800 JavaThread "Handler for socket connection from /127.0.0.1:63254 to /127.0.0.1:63261" [_thread_in_native, id=55368, stack(0x0000000001430000,0x0000000001530000)]
  0x000000001a1ac000 JavaThread "Daemon Thread 2" [_thread_blocked, id=48520, stack(0x0000000001330000,0x0000000001430000)]
  0x000000001a1b0800 JavaThread "Cache worker for file content cache (C:\Users\Roberto\.gradle\caches\6.1.1\fileContent)" [_thread_blocked, id=60580, stack(0x0000000025110000,0x0000000025210000)]
  0x000000001a1b0000 JavaThread "Memory manager" [_thread_blocked, id=45696, stack(0x0000000025460000,0x0000000025560000)]
  0x000000001ce54800 JavaThread "Cache worker for execution history cache (C:\Users\Roberto\.gradle\caches\6.1.1\executionHistory)" [_thread_blocked, id=57084, stack(0x0000000021930000,0x0000000021a30000)]
  0x000000001ce53000 JavaThread "Cache worker for file hash cache (C:\Users\Roberto\.gradle\caches\6.1.1\fileHashes)" [_thread_blocked, id=60808, stack(0x000000001ee30000,0x000000001ef30000)]
  0x000000001ce59000 JavaThread "File lock request listener" [_thread_in_native, id=61336, stack(0x000000001ed30000,0x000000001ee30000)]
  0x000000001cdf6800 JavaThread "Cache worker for journal cache (C:\Users\Roberto\.gradle\caches\journal-1)" [_thread_blocked, id=61284, stack(0x000000001ec30000,0x000000001ed30000)]
  0x000000001cb36800 JavaThread "Daemon periodic checks" [_thread_blocked, id=61192, stack(0x000000001df30000,0x000000001e030000)]
  0x000000001cac1800 JavaThread "Incoming local TCP Connector on port 63254" [_thread_in_native, id=49000, stack(0x000000001dcd0000,0x000000001ddd0000)]
  0x000000001c9c9000 JavaThread "Daemon health stats" [_thread_blocked, id=56292, stack(0x000000001d690000,0x000000001d790000)]
  0x000000001a08d000 JavaThread "Service Thread" daemon [_thread_blocked, id=60608, stack(0x000000001acf0000,0x000000001adf0000)]
  0x000000001a016000 JavaThread "C1 CompilerThread3" daemon [_thread_blocked, id=57500, stack(0x000000001abf0000,0x000000001acf0000)]
  0x000000001a010800 JavaThread "C2 CompilerThread2" daemon [_thread_blocked, id=33452, stack(0x000000001aaf0000,0x000000001abf0000)]
=>0x000000001a006800 JavaThread "C2 CompilerThread1" daemon [_thread_in_native, id=52300, stack(0x000000001a9f0000,0x000000001aaf0000)]
  0x000000001a002000 JavaThread "C2 CompilerThread0" daemon [_thread_blocked, id=59324, stack(0x000000001a8f0000,0x000000001a9f0000)]
  0x000000001a000800 JavaThread "Attach Listener" daemon [_thread_blocked, id=52648, stack(0x000000001a7f0000,0x000000001a8f0000)]
  0x00000000181ee800 JavaThread "Signal Dispatcher" daemon [_thread_blocked, id=55340, stack(0x000000001a6f0000,0x000000001a7f0000)]
  0x0000000019ff0800 JavaThread "Finalizer" daemon [_thread_blocked, id=58716, stack(0x000000001a4d0000,0x000000001a5d0000)]
  0x0000000003167000 JavaThread "Reference Handler" daemon [_thread_blocked, id=38852, stack(0x000000001a3d0000,0x000000001a4d0000)]
  0x0000000003072800 JavaThread "main" [_thread_blocked, id=60028, stack(0x0000000002f70000,0x0000000003070000)]

Other Threads:
  0x00000000181d6800 VMThread [stack: 0x0000000019ed0000,0x0000000019fd0000] [id=48288]
  0x000000001a08e000 WatcherThread [stack: 0x000000001adf0000,0x000000001aef0000] [id=55836]

VM state:not at safepoint (normal execution)

VM Mutex/Monitor currently owned by a thread: None

heap address: 0x0000000080000000, size: 2048 MB, Compressed Oops mode: 32-bit
Narrow klass base: 0x0000000000000000, Narrow klass shift: 3
Compressed class space size: 1073741824 Address: 0x0000000100000000

Heap:
 PSYoungGen      total 496640K, used 477113K [0x00000000d5580000, 0x00000000f7680000, 0x0000000100000000)
  eden space 474112K, 95% used [0x00000000d5580000,0x00000000f11bc278,0x00000000f2480000)
  from space 22528K, 98% used [0x00000000f6080000,0x00000000f7632490,0x00000000f7680000)
  to   space 28160K, 0% used [0x00000000f3f80000,0x00000000f3f80000,0x00000000f5b00000)
 ParOldGen       total 120320K, used 30357K [0x0000000080000000, 0x0000000087580000, 0x00000000d5580000)
  object space 120320K, 25% used [0x0000000080000000,0x0000000081da56b8,0x0000000087580000)
 Metaspace       used 81540K, capacity 85346K, committed 85528K, reserved 1124352K
  class space    used 10740K, capacity 11466K, committed 11568K, reserved 1048576K

Card table byte_map: [0x0000000012530000,0x0000000012940000] byte_map_base: 0x0000000012130000

Marking Bits: (ParMarkBitMap*) 0x000000006cecf030
 Begin Bits: [0x00000000133f0000, 0x00000000153f0000)
 End Bits:   [0x00000000153f0000, 0x00000000173f0000)

Polling page: 0x0000000000df0000

CodeCache: size=245760Kb used=32176Kb max_used=32197Kb free=213583Kb
 bounds [0x0000000003170000, 0x0000000005110000, 0x0000000012170000]
 total_blobs=11142 nmethods=10265 adapters=789
 compilation: enabled

Compilation events (10 events):
Event: 113.904 Thread 0x000000001a016000 nmethod 12225 0x00000000050fc110 code [0x00000000050fc2a0, 0x00000000050fc9a8]
Event: 113.904 Thread 0x000000001a016000 12227   !   3       java.nio.charset.Charset::defaultCharset (65 bytes)
Event: 113.905 Thread 0x000000001a016000 nmethod 12227 0x0000000005102450 code [0x0000000005102640, 0x0000000005102e38]
Event: 113.905 Thread 0x000000001a016000 12226       1       org.gradle.api.internal.project.DefaultProject::getRootProject (5 bytes)
Event: 113.905 Thread 0x000000001a016000 nmethod 12226 0x00000000050fdf90 code [0x00000000050fe0e0, 0x00000000050fe1f0]
Event: 113.905 Thread 0x000000001a016000 12228       3       java.lang.Long::toHexString (6 bytes)
Event: 113.906 Thread 0x000000001a016000 nmethod 12228 0x00000000050fdb90 code [0x00000000050fdd00, 0x00000000050fde68]
Event: 113.906 Thread 0x000000001a016000 12229       3       java.lang.Long::toUnsignedString0 (49 bytes)
Event: 113.906 Thread 0x000000001a016000 nmethod 12229 0x00000000051032d0 code [0x0000000005103460, 0x00000000051038b8]
Event: 113.907 Thread 0x000000001a002000 nmethod 12173 0x0000000005108c10 code [0x0000000005108e40, 0x000000000510b2c0]

GC Heap History (10 events):
Event: 8.737 GC heap before
{Heap before GC invocations=9 (full 2):
 PSYoungGen      total 276992K, used 10437K [0x00000000d5580000, 0x00000000ee600000, 0x0000000100000000)
  eden space 261120K, 0% used [0x00000000d5580000,0x00000000d5580000,0x00000000e5480000)
  from space 15872K, 65% used [0x00000000e5480000,0x00000000e5eb1510,0x00000000e6400000)
  to   space 15872K, 0% used [0x00000000ed680000,0x00000000ed680000,0x00000000ee600000)
 ParOldGen       total 57344K, used 8187K [0x0000000080000000, 0x0000000083800000, 0x00000000d5580000)
  object space 57344K, 14% used [0x0000000080000000,0x00000000807fee88,0x0000000083800000)
 Metaspace       used 34525K, capacity 35350K, committed 35496K, reserved 1079296K
  class space    used 4709K, capacity 4922K, committed 5040K, reserved 1048576K
Event: 8.804 GC heap after
Heap after GC invocations=9 (full 2):
 PSYoungGen      total 276992K, used 0K [0x00000000d5580000, 0x00000000ee600000, 0x0000000100000000)
  eden space 261120K, 0% used [0x00000000d5580000,0x00000000d5580000,0x00000000e5480000)
  from space 15872K, 0% used [0x00000000e5480000,0x00000000e5480000,0x00000000e6400000)
  to   space 15872K, 0% used [0x00000000ed680000,0x00000000ed680000,0x00000000ee600000)
 ParOldGen       total 84480K, used 16621K [0x0000000080000000, 0x0000000085280000, 0x00000000d5580000)
  object space 84480K, 19% used [0x0000000080000000,0x000000008103b7b0,0x0000000085280000)
 Metaspace       used 34525K, capacity 35350K, committed 35496K, reserved 1079296K
  class space    used 4709K, capacity 4922K, committed 5040K, reserved 1048576K
}
Event: 14.709 GC heap before
{Heap before GC invocations=10 (full 2):
 PSYoungGen      total 276992K, used 261120K [0x00000000d5580000, 0x00000000ee600000, 0x0000000100000000)
  eden space 261120K, 100% used [0x00000000d5580000,0x00000000e5480000,0x00000000e5480000)
  from space 15872K, 0% used [0x00000000e5480000,0x00000000e5480000,0x00000000e6400000)
  to   space 15872K, 0% used [0x00000000ed680000,0x00000000ed680000,0x00000000ee600000)
 ParOldGen       total 84480K, used 16621K [0x0000000080000000, 0x0000000085280000, 0x00000000d5580000)
  object space 84480K, 19% used [0x0000000080000000,0x000000008103b7b0,0x0000000085280000)
 Metaspace       used 55935K, capacity 57936K, committed 58024K, reserved 1099776K
  class space    used 7579K, capacity 8049K, committed 8112K, reserved 1048576K
Event: 14.733 GC heap after
Heap after GC invocations=10 (full 2):
 PSYoungGen      total 385536K, used 15868K [0x00000000d5580000, 0x00000000f0600000, 0x0000000100000000)
  eden space 369664K, 0% used [0x00000000d5580000,0x00000000d5580000,0x00000000ebe80000)
  from space 15872K, 99% used [0x00000000ed680000,0x00000000ee5ff340,0x00000000ee600000)
  to   space 24576K, 0% used [0x00000000ebe80000,0x00000000ebe80000,0x00000000ed680000)
 ParOldGen       total 84480K, used 31023K [0x0000000080000000, 0x0000000085280000, 0x00000000d5580000)
  object space 84480K, 36% used [0x0000000080000000,0x0000000081e4bcd8,0x0000000085280000)
 Metaspace       used 55935K, capacity 57936K, committed 58024K, reserved 1099776K
  class space    used 7579K, capacity 8049K, committed 8112K, reserved 1048576K
}
Event: 15.060 GC heap before
{Heap before GC invocations=11 (full 2):
 PSYoungGen      total 385536K, used 41500K [0x00000000d5580000, 0x00000000f0600000, 0x0000000100000000)
  eden space 369664K, 6% used [0x00000000d5580000,0x00000000d6e88068,0x00000000ebe80000)
  from space 15872K, 99% used [0x00000000ed680000,0x00000000ee5ff340,0x00000000ee600000)
  to   space 24576K, 0% used [0x00000000ebe80000,0x00000000ebe80000,0x00000000ed680000)
 ParOldGen       total 84480K, used 31023K [0x0000000080000000, 0x0000000085280000, 0x00000000d5580000)
  object space 84480K, 36% used [0x0000000080000000,0x0000000081e4bcd8,0x0000000085280000)
 Metaspace       used 57089K, capacity 59074K, committed 59160K, reserved 1099776K
  class space    used 7752K, capacity 8208K, committed 8240K, reserved 1048576K
Event: 15.077 GC heap after
Heap after GC invocations=11 (full 2):
 PSYoungGen      total 394240K, used 16956K [0x00000000d5580000, 0x00000000f7980000, 0x0000000100000000)
  eden space 369664K, 0% used [0x00000000d5580000,0x00000000d5580000,0x00000000ebe80000)
  from space 24576K, 68% used [0x00000000ebe80000,0x00000000ecf0f340,0x00000000ed680000)
  to   space 25600K, 0% used [0x00000000f6080000,0x00000000f6080000,0x00000000f7980000)
 ParOldGen       total 84480K, used 31031K [0x0000000080000000, 0x0000000085280000, 0x00000000d5580000)
  object space 84480K, 36% used [0x0000000080000000,0x0000000081e4dcd8,0x0000000085280000)
 Metaspace       used 57089K, capacity 59074K, committed 59160K, reserved 1099776K
  class space    used 7752K, capacity 8208K, committed 8240K, reserved 1048576K
}
Event: 15.077 GC heap before
{Heap before GC invocations=12 (full 3):
 PSYoungGen      total 394240K, used 16956K [0x00000000d5580000, 0x00000000f7980000, 0x0000000100000000)
  eden space 369664K, 0% used [0x00000000d5580000,0x00000000d5580000,0x00000000ebe80000)
  from space 24576K, 68% used [0x00000000ebe80000,0x00000000ecf0f340,0x00000000ed680000)
  to   space 25600K, 0% used [0x00000000f6080000,0x00000000f6080000,0x00000000f7980000)
 ParOldGen       total 84480K, used 31031K [0x0000000080000000, 0x0000000085280000, 0x00000000d5580000)
  object space 84480K, 36% used [0x0000000080000000,0x0000000081e4dcd8,0x0000000085280000)
 Metaspace       used 57089K, capacity 59074K, committed 59160K, reserved 1099776K
  class space    used 7752K, capacity 8208K, committed 8240K, reserved 1048576K
Event: 15.277 GC heap after
Heap after GC invocations=12 (full 3):
 PSYoungGen      total 394240K, used 0K [0x00000000d5580000, 0x00000000f7980000, 0x0000000100000000)
  eden space 369664K, 0% used [0x00000000d5580000,0x00000000d5580000,0x00000000ebe80000)
  from space 24576K, 0% used [0x00000000ebe80000,0x00000000ebe80000,0x00000000ed680000)
  to   space 25600K, 0% used [0x00000000f6080000,0x00000000f6080000,0x00000000f7980000)
 ParOldGen       total 120320K, used 30349K [0x0000000080000000, 0x0000000087580000, 0x00000000d5580000)
  object space 120320K, 25% used [0x0000000080000000,0x0000000081da36b8,0x0000000087580000)
 Metaspace       used 57049K, capacity 58936K, committed 59160K, reserved 1099776K
  class space    used 7740K, capacity 8185K, committed 8240K, reserved 1048576K
}
Event: 23.919 GC heap before
{Heap before GC invocations=13 (full 3):
 PSYoungGen      total 394240K, used 369664K [0x00000000d5580000, 0x00000000f7980000, 0x0000000100000000)
  eden space 369664K, 100% used [0x00000000d5580000,0x00000000ebe80000,0x00000000ebe80000)
  from space 24576K, 0% used [0x00000000ebe80000,0x00000000ebe80000,0x00000000ed680000)
  to   space 25600K, 0% used [0x00000000f6080000,0x00000000f6080000,0x00000000f7980000)
 ParOldGen       total 120320K, used 30349K [0x0000000080000000, 0x0000000087580000, 0x00000000d5580000)
  object space 120320K, 25% used [0x0000000080000000,0x0000000081da36b8,0x0000000087580000)
 Metaspace       used 70427K, capacity 73808K, committed 74008K, reserved 1114112K
  class space    used 9590K, capacity 10235K, committed 10288K, reserved 1048576K
Event: 23.939 GC heap after
Heap after GC invocations=13 (full 3):
 PSYoungGen      total 496640K, used 22217K [0x00000000d5580000, 0x00000000f7680000, 0x0000000100000000)
  eden space 474112K, 0% used [0x00000000d5580000,0x00000000d5580000,0x00000000f2480000)
  from space 22528K, 98% used [0x00000000f6080000,0x00000000f7632490,0x00000000f7680000)
  to   space 28160K, 0% used [0x00000000f3f80000,0x00000000f3f80000,0x00000000f5b00000)
 ParOldGen       total 120320K, used 30357K [0x0000000080000000, 0x0000000087580000, 0x00000000d5580000)
  object space 120320K, 25% used [0x0000000080000000,0x0000000081da56b8,0x0000000087580000)
 Metaspace       used 70427K, capacity 73808K, committed 74008K, reserved 1114112K
  class space    used 9590K, capacity 10235K, committed 10288K, reserved 1048576K
}

Deoptimization events (10 events):
Event: 112.450 Thread 0x000000001bc71800 Uncommon trap: reason=unstable_if action=reinterpret pc=0x0000000004a9a5d4 method=java.util.concurrent.ConcurrentLinkedQueue.updateHead(Ljava/util/concurrent/ConcurrentLinkedQueue$Node;Ljava/util/concurrent/ConcurrentLinkedQueue$Node;)V @ 11
Event: 112.466 Thread 0x000000001ce57800 Uncommon trap: reason=unstable_if action=reinterpret pc=0x0000000003847110 method=java.util.concurrent.ConcurrentLinkedQueue.offer(Ljava/lang/Object;)Z @ 40
Event: 112.482 Thread 0x000000001bc71800 Uncommon trap: reason=unstable_if action=reinterpret pc=0x00000000032bc140 method=java.util.concurrent.ConcurrentLinkedQueue.poll()Ljava/lang/Object; @ 25
Event: 112.588 Thread 0x000000001ce57800 Uncommon trap: reason=unstable_if action=reinterpret pc=0x000000000463014c method=java.util.concurrent.locks.ReentrantLock$Sync.nonfairTryAcquire(I)Z @ 19
Event: 112.619 Thread 0x000000001ce52800 Uncommon trap: reason=class_check action=maybe_recompile pc=0x000000000479cd54 method=com.sun.org.apache.xerces.internal.impl.XMLEntityManager.setProperty(Ljava/lang/String;Ljava/lang/Object;)V @ 102
Event: 112.667 Thread 0x000000001a1a7800 Uncommon trap: reason=unstable_if action=reinterpret pc=0x0000000003eaac80 method=java.util.concurrent.locks.ReentrantLock$Sync.nonfairTryAcquire(I)Z @ 19
Event: 112.798 Thread 0x000000001ce52800 Uncommon trap: reason=class_check action=maybe_recompile pc=0x0000000004b5ee7c method=com.android.utils.PositionXmlParser.getPositionHelper(Lorg/w3c/dom/Node;II)Lcom/android/utils/PositionXmlParser$Position; @ 20
Event: 112.798 Thread 0x000000001ce52800 Uncommon trap: reason=class_check action=maybe_recompile pc=0x0000000004b5ee7c method=com.android.utils.PositionXmlParser.getPositionHelper(Lorg/w3c/dom/Node;II)Lcom/android/utils/PositionXmlParser$Position; @ 20
Event: 112.820 Thread 0x000000001c2d6000 Uncommon trap: reason=predicate action=maybe_recompile pc=0x00000000045f78c8 method=java.util.Collections.indexedBinarySearch(Ljava/util/List;Ljava/lang/Object;)I @ 16
Event: 112.832 Thread 0x000000001ce54000 Uncommon trap: reason=unstable_if action=reinterpret pc=0x0000000003cb8cf0 method=org.gradle.internal.snapshot.impl.AbstractScalarValueSnapshot.equals(Ljava/lang/Object;)Z @ 19

Classes redefined (0 events):
No events

Internal exceptions (10 events):
Event: 113.878 Thread 0x000000001ce54000 Exception <a 'sun/nio/fs/WindowsException'> (0x00000000f0f78ab8) thrown at [C:\src\AOSP-openjdk-git\hotspot\src\share\vm\prims\jni.cpp, line 710]
Event: 113.879 Thread 0x000000001ce54000 Exception <a 'sun/nio/fs/WindowsException'> (0x00000000f0f7a708) thrown at [C:\src\AOSP-openjdk-git\hotspot\src\share\vm\prims\jni.cpp, line 710]
Event: 113.879 Thread 0x000000001ce54000 Exception <a 'sun/nio/fs/WindowsException'> (0x00000000f0f7b360) thrown at [C:\src\AOSP-openjdk-git\hotspot\src\share\vm\prims\jni.cpp, line 710]
Event: 113.879 Thread 0x000000001ce54000 Exception <a 'sun/nio/fs/WindowsException'> (0x00000000f0f7c028) thrown at [C:\src\AOSP-openjdk-git\hotspot\src\share\vm\prims\jni.cpp, line 710]
Event: 113.879 Thread 0x000000001ce54000 Exception <a 'sun/nio/fs/WindowsException'> (0x00000000f0f7dca8) thrown at [C:\src\AOSP-openjdk-git\hotspot\src\share\vm\prims\jni.cpp, line 710]
Event: 113.879 Thread 0x000000001ce54000 Exception <a 'sun/nio/fs/WindowsException'> (0x00000000f0f7e900) thrown at [C:\src\AOSP-openjdk-git\hotspot\src\share\vm\prims\jni.cpp, line 710]
Event: 113.879 Thread 0x000000001ce54000 Exception <a 'sun/nio/fs/WindowsException'> (0x00000000f0f7f5d0) thrown at [C:\src\AOSP-openjdk-git\hotspot\src\share\vm\prims\jni.cpp, line 710]
Event: 113.879 Thread 0x000000001ce54000 Exception <a 'sun/nio/fs/WindowsException'> (0x00000000f0f81250) thrown at [C:\src\AOSP-openjdk-git\hotspot\src\share\vm\prims\jni.cpp, line 710]
Event: 113.879 Thread 0x000000001ce54000 Exception <a 'sun/nio/fs/WindowsException'> (0x00000000f0f81ea8) thrown at [C:\src\AOSP-openjdk-git\hotspot\src\share\vm\prims\jni.cpp, line 710]
Event: 113.879 Thread 0x000000001ce54000 Exception <a 'sun/nio/fs/WindowsException'> (0x00000000f0f82b78) thrown at [C:\src\AOSP-openjdk-git\hotspot\src\share\vm\prims\jni.cpp, line 710]

Events (10 events):
Event: 113.864 Executing VM operation: RevokeBias
Event: 113.864 Executing VM operation: RevokeBias done
Event: 113.865 Thread 0x000000001a016000 flushing nmethod 0x0000000004bf4490
Event: 113.904 Executing VM operation: RevokeBias
Event: 113.905 Executing VM operation: RevokeBias done
Event: 113.906 Executing VM operation: RevokeBias
Event: 113.906 Executing VM operation: RevokeBias done
Event: 113.906 Executing VM operation: RevokeBias
Event: 113.907 Executing VM operation: RevokeBias done
Event: 113.909 Thread 0x000000001c2d9000 Thread added: 0x000000001c2d9000


Dynamic libraries:
0x00007ff6e0710000 - 0x00007ff6e0741000 	C:\Program Files\Android\Android Studio\jre\bin\java.exe
0x00007ffb0a8e0000 - 0x00007ffb0aad0000 	C:\WINDOWS\SYSTEM32\ntdll.dll
0x00007ffb08990000 - 0x00007ffb08a42000 	C:\WINDOWS\System32\KERNEL32.DLL
0x00007ffb07860000 - 0x00007ffb07b04000 	C:\WINDOWS\System32\KERNELBASE.dll
0x00007ffb09f20000 - 0x00007ffb09fc3000 	C:\WINDOWS\System32\ADVAPI32.dll
0x00007ffb08eb0000 - 0x00007ffb08f4e000 	C:\WINDOWS\System32\msvcrt.dll
0x00007ffb0a710000 - 0x00007ffb0a7a7000 	C:\WINDOWS\System32\sechost.dll
0x00007ffb09330000 - 0x00007ffb09450000 	C:\WINDOWS\System32\RPCRT4.dll
0x00007ffb08f50000 - 0x00007ffb090e5000 	C:\WINDOWS\System32\USER32.dll
0x00007ffb07ca0000 - 0x00007ffb07cc1000 	C:\WINDOWS\System32\win32u.dll
0x00007ffb08df0000 - 0x00007ffb08e16000 	C:\WINDOWS\System32\GDI32.dll
0x00007ffb08740000 - 0x00007ffb088d6000 	C:\WINDOWS\System32\gdi32full.dll
0x00007ffb08650000 - 0x00007ffb086ee000 	C:\WINDOWS\System32\msvcp_win.dll
0x00007ffb07ba0000 - 0x00007ffb07c9a000 	C:\WINDOWS\System32\ucrtbase.dll
0x00007ffaf29a0000 - 0x00007ffaf2c24000 	C:\WINDOWS\WinSxS\amd64_microsoft.windows.common-controls_6595b64144ccf1df_6.0.18362.1016_none_9e7a36bbe461dae4\COMCTL32.dll
0x00007ffb08a50000 - 0x00007ffb08d85000 	C:\WINDOWS\System32\combase.dll
0x00007ffb08460000 - 0x00007ffb084e0000 	C:\WINDOWS\System32\bcryptPrimitives.dll
0x00007ffb08e20000 - 0x00007ffb08e4e000 	C:\WINDOWS\System32\IMM32.DLL
0x000000006bea0000 - 0x000000006bf72000 	C:\Program Files\Android\Android Studio\jre\jre\bin\msvcr100.dll
0x000000006c700000 - 0x000000006cf4b000 	C:\Program Files\Android\Android Studio\jre\jre\bin\server\jvm.dll
0x00007ffb0a6e0000 - 0x00007ffb0a6e8000 	C:\WINDOWS\System32\PSAPI.DLL
0x00007ffb062e0000 - 0x00007ffb062e9000 	C:\WINDOWS\SYSTEM32\WSOCK32.dll
0x00007ffb02890000 - 0x00007ffb028b4000 	C:\WINDOWS\SYSTEM32\WINMM.dll
0x00007ffb0a7b0000 - 0x00007ffb0a81f000 	C:\WINDOWS\System32\WS2_32.dll
0x00007ffb02790000 - 0x00007ffb0279a000 	C:\WINDOWS\SYSTEM32\VERSION.dll
0x00007ffb02830000 - 0x00007ffb0285d000 	C:\WINDOWS\SYSTEM32\WINMMBASE.dll
0x00007ffb086f0000 - 0x00007ffb0873a000 	C:\WINDOWS\System32\cfgmgr32.dll
0x00007ffafeff0000 - 0x00007ffafefff000 	C:\Program Files\Android\Android Studio\jre\jre\bin\verify.dll
0x00007ffafad60000 - 0x00007ffafad89000 	C:\Program Files\Android\Android Studio\jre\jre\bin\java.dll
0x00007ffafc7f0000 - 0x00007ffafc806000 	C:\Program Files\Android\Android Studio\jre\jre\bin\zip.dll
0x00007ffb095b0000 - 0x00007ffb09c97000 	C:\WINDOWS\System32\SHELL32.dll
0x00007ffb0a630000 - 0x00007ffb0a6d9000 	C:\WINDOWS\System32\shcore.dll
0x00007ffb07cd0000 - 0x00007ffb08452000 	C:\WINDOWS\System32\windows.storage.dll
0x00007ffb077e0000 - 0x00007ffb07803000 	C:\WINDOWS\System32\profapi.dll
0x00007ffb07810000 - 0x00007ffb0785a000 	C:\WINDOWS\System32\powrprof.dll
0x00007ffb07790000 - 0x00007ffb077a0000 	C:\WINDOWS\System32\UMPDC.dll
0x00007ffb08e50000 - 0x00007ffb08ea2000 	C:\WINDOWS\System32\shlwapi.dll
0x00007ffb077c0000 - 0x00007ffb077d1000 	C:\WINDOWS\System32\kernel.appcore.dll
0x00007ffb08630000 - 0x00007ffb08647000 	C:\WINDOWS\System32\cryptsp.dll
0x00007ffafc580000 - 0x00007ffafc59a000 	C:\Program Files\Android\Android Studio\jre\jre\bin\net.dll
0x00007ffb06f90000 - 0x00007ffb06ff7000 	C:\WINDOWS\system32\mswsock.dll
0x00007ffafac70000 - 0x00007ffafac83000 	C:\Program Files\Android\Android Studio\jre\jre\bin\nio.dll
0x00007ffaf5550000 - 0x00007ffaf5576000 	C:\Users\Roberto\.gradle\native\31\windows-amd64\native-platform.dll
0x00007ffafc8a0000 - 0x00007ffafc8ad000 	C:\Program Files\Android\Android Studio\jre\jre\bin\management.dll
0x00007ffb06b00000 - 0x00007ffb06b33000 	C:\WINDOWS\system32\rsaenh.dll
0x00007ffb07b70000 - 0x00007ffb07b96000 	C:\WINDOWS\System32\bcrypt.dll
0x00007ffb076b0000 - 0x00007ffb076d5000 	C:\WINDOWS\SYSTEM32\USERENV.dll
0x00007ffb07160000 - 0x00007ffb0716c000 	C:\WINDOWS\SYSTEM32\CRYPTBASE.dll
0x00007ffb06ca0000 - 0x00007ffb06cda000 	C:\WINDOWS\SYSTEM32\IPHLPAPI.DLL
0x00007ffb09520000 - 0x00007ffb09528000 	C:\WINDOWS\System32\NSI.dll
0x00007ffaff8f0000 - 0x00007ffaff906000 	C:\WINDOWS\SYSTEM32\dhcpcsvc6.DLL
0x00007ffb00610000 - 0x00007ffb0062c000 	C:\WINDOWS\SYSTEM32\dhcpcsvc.DLL
0x00007ffb06ce0000 - 0x00007ffb06dab000 	C:\WINDOWS\SYSTEM32\DNSAPI.dll
0x00007ffafa7e0000 - 0x00007ffafa7fe000 	C:\Users\Roberto\AppData\Local\Temp\native-platform4293891475515272461dir\native-platform.dll

VM Arguments:
jvm_args: -Xmx2048m -Dfile.encoding=windows-1252 -Duser.country=NL -Duser.language=nl -Duser.variant 
java_command: org.gradle.launcher.daemon.bootstrap.GradleDaemon 6.1.1
java_class_path (initial): C:\Users\Roberto\.gradle\wrapper\dists\gradle-6.1.1-all\cfmwm155h49vnt3hynmlrsdst\gradle-6.1.1\lib\gradle-launcher-6.1.1.jar
Launcher Type: SUN_STANDARD

Environment Variables:
JAVA_HOME=C:\Program Files\Java\jdk1.8.0_102
PATH=C:\ProgramData\Oracle\Java\javapath;C:\Program Files (x86)\Intel\iCLS Client\;C:\Program Files\Intel\iCLS Client\;C:\Windows\system32;C:\Windows;C:\Windows\System32\Wbem;C:\Windows\System32\WindowsPowerShell\v1.0\;C:\Program Files (x86)\Intel\Intel(R) Management Engine Components\DAL;C:\Program Files\Intel\Intel(R) Management Engine Components\DAL;C:\Program Files (x86)\Intel\Intel(R) Management Engine Components\IPT;C:\Program Files\Intel\Intel(R) Management Engine Components\IPT;C:\WINDOWS\system32;C:\WINDOWS;C:\WINDOWS\System32\Wbem;C:\WINDOWS\System32\WindowsPowerShell\v1.0\;C:\Program Files (x86)\NVIDIA Corporation\PhysX\Common;C:\Program Files\Microsoft SQL Server\130\Tools\Binn\;C:\Program Files\dotnet\;C:\Program Files\Git\cmd;C:\xampp\php;C:\ProgramData\ComposerSetup\bin;C:\WINDOWS\System32\OpenSSH\;C:\Program Files\Intel\WiFi\bin\;C:\Program Files\Common Files\Intel\WirelessCommon\;C:\WINDOWS\system32;C:\WINDOWS;C:\WINDOWS\System32\Wbem;C:\WINDOWS\System32\WindowsPowerShell\v1.0\;C:\WINDOWS\System32\OpenSSH\;C:\Program Files\nodejs\;C:\Users\Roberto\AppData\Local\Microsoft\WindowsApps;C:\Users\Roberto\AppData\Roaming\Composer\vendor\bin;C:\Users\Roberto\AppData\Local\Programs\Microsoft VS Code\bin;C:\Program Files\Intel\WiFi\bin\;C:\Program Files\Common Files\Intel\WirelessCommon\;C:\src\flutter\bin;C:\Users\Roberto\AppData\Roaming\npm
USERNAME=Roberto
OS=Windows_NT
PROCESSOR_IDENTIFIER=Intel64 Family 6 Model 94 Stepping 3, GenuineIntel



---------------  S Y S T E M  ---------------

OS: Windows 10.0 , 64 bit Build 18362 (10.0.18362.959)

CPU:total 8 (initial active 8) (4 cores per cpu, 2 threads per core) family 6 model 94 stepping 3, cmov, cx8, fxsr, mmx, sse, sse2, sse3, ssse3, sse4.1, sse4.2, popcnt, avx, avx2, aes, clmul, erms, rtm, 3dnowpref, lzcnt, ht, tsc, tscinvbit, bmi1, bmi2, adx

Memory: 4k page, physical 8284696k(941888k free), swap 33450520k(6992k free)

vm_info: OpenJDK 64-Bit Server VM (25.242-b01) for windows-amd64 JRE (1.8.0_242-release-1644-b01), built by "builder" with MS VC++ 10.0 (VS2010)

time: Tue Sep 08 20:20:42 2020
timezone: West-Europa (zomertijd)
elapsed time: 114 seconds (0d 0h 1m 54s)

