#
# There is insufficient memory for the Java Runtime Environment to continue.
# Native memory allocation (malloc) failed to allocate 645456 bytes for Chunk::new
# Possible reasons:
#   The system is out of physical RAM or swap space
#   The process is running with CompressedOops enabled, and the Java Heap may be blocking the growth of the native heap
# Possible solutions:
#   Reduce memory load on the system
#   Increase physical memory or swap space
#   Check if swap backing store is full
#   Decrease Java heap size (-Xmx/-Xms)
#   Decrease number of Java threads
#   Decrease Java thread stack sizes (-Xss)
#   Set larger code cache with -XX:ReservedCodeCacheSize=
#   JVM is running with Unscaled Compressed Oops mode in which the Java heap is
#     placed in the first 4GB address space. The Java Heap base address is the
#     maximum limit for the native heap growth. Please use -XX:HeapBaseMinAddress
#     to set the Java Heap base and to place the Java Heap above 4GB virtual address.
# This output file may be truncated or incomplete.
#
#  Out of Memory Error (allocation.cpp:389), pid=58876, tid=0x000000000000d51c
#
# JRE version: OpenJDK Runtime Environment (8.0_242-b01) (build 1.8.0_242-release-1644-b01)
# Java VM: OpenJDK 64-Bit Server VM (25.242-b01 mixed mode windows-amd64 compressed oops)
# Failed to write core dump. Minidumps are not enabled by default on client versions of Windows
#

---------------  T H R E A D  ---------------

Current thread (0x000000001a1ee000):  JavaThread "C2 CompilerThread2" daemon [_thread_in_native, id=54556, stack(0x000000001acd0000,0x000000001add0000)]

Stack: [0x000000001acd0000,0x000000001add0000]
[error occurred during error reporting (printing stack bounds), id 0xc0000005]

Native frames: (J=compiled Java code, j=interpreted, Vv=VM code, C=native code)


Current CompileTask:
C2:  25587 13060 %     4       com.android.tools.r8.code.u1::a @ 20 (4075 bytes)


---------------  P R O C E S S  ---------------

Java Threads: ( => current thread )
  0x0000000021fca800 JavaThread "ForkJoinPool-1-worker-0" daemon [_thread_blocked, id=60272, stack(0x000000002bee0000,0x000000002bfe0000)]
  0x0000000021fc7800 JavaThread "ForkJoinPool-1-worker-7" daemon [_thread_blocked, id=56992, stack(0x000000002bde0000,0x000000002bee0000)]
  0x0000000021fc0000 JavaThread "ForkJoinPool-1-worker-6" daemon [_thread_blocked, id=60884, stack(0x000000002bce0000,0x000000002bde0000)]
  0x0000000021fc4000 JavaThread "ForkJoinPool-1-worker-5" daemon [_thread_blocked, id=55256, stack(0x000000002bbe0000,0x000000002bce0000)]
  0x0000000021fc3000 JavaThread "ForkJoinPool-1-worker-4" daemon [_thread_blocked, id=30424, stack(0x000000002bae0000,0x000000002bbe0000)]
  0x0000000021fc6000 JavaThread "ForkJoinPool-1-worker-3" daemon [_thread_blocked, id=60256, stack(0x000000002b9e0000,0x000000002bae0000)]
  0x0000000021fc5800 JavaThread "ForkJoinPool-1-worker-2" daemon [_thread_blocked, id=60568, stack(0x000000002b8e0000,0x000000002b9e0000)]
  0x0000000021fc7000 JavaThread "ForkJoinPool-1-worker-1" daemon [_thread_in_Java, id=49256, stack(0x000000002b7e0000,0x000000002b8e0000)]
  0x0000000021fc1000 JavaThread "WorkerExecutor Queue Thread 8" [_thread_blocked, id=60360, stack(0x000000002afe0000,0x000000002b0e0000)]
  0x0000000021fc4800 JavaThread "WorkerExecutor Queue Thread 7" [_thread_in_Java, id=56928, stack(0x000000002aee0000,0x000000002afe0000)]
  0x0000000021fbd000 JavaThread "WorkerExecutor Queue Thread 6" [_thread_blocked, id=60596, stack(0x000000002ade0000,0x000000002aee0000)]
  0x0000000021fbc800 JavaThread "WorkerExecutor Queue Thread 5" [_thread_blocked, id=58012, stack(0x000000002ace0000,0x000000002ade0000)]
  0x0000000021fbe800 JavaThread "WorkerExecutor Queue Thread 4" [_thread_blocked, id=59536, stack(0x000000002a4c0000,0x000000002a5c0000)]
  0x0000000021fbe000 JavaThread "ForkJoinPool.commonPool-worker-7" daemon [_thread_blocked, id=58752, stack(0x000000002abe0000,0x000000002ace0000)]
  0x0000000021fc2800 JavaThread "ForkJoinPool.commonPool-worker-6" daemon [_thread_blocked, id=59416, stack(0x000000002aae0000,0x000000002abe0000)]
  0x0000000021111800 JavaThread "ForkJoinPool.commonPool-worker-4" daemon [_thread_blocked, id=50412, stack(0x000000002a8e0000,0x000000002a9e0000)]
  0x000000002110a000 JavaThread "ForkJoinPool.commonPool-worker-3" daemon [_thread_blocked, id=45848, stack(0x000000002a7e0000,0x000000002a8e0000)]
  0x000000002110e800 JavaThread "ForkJoinPool.commonPool-worker-2" daemon [_thread_blocked, id=47144, stack(0x000000002a6e0000,0x000000002a7e0000)]
  0x000000002110f800 JavaThread "ForkJoinPool.commonPool-worker-1" daemon [_thread_blocked, id=54840, stack(0x000000002a5e0000,0x000000002a6e0000)]
  0x000000002110d000 JavaThread "WorkerExecutor Queue Thread 3" [_thread_blocked, id=57296, stack(0x00000000291f0000,0x00000000292f0000)]
  0x000000002110b800 JavaThread "Cache worker for Java compile cache (D:\apps\MadLevel2Task1\.gradle\6.1.1\javaCompile)" [_thread_blocked, id=52412, stack(0x0000000028cf0000,0x0000000028df0000)]
  0x000000002110b000 JavaThread "Cache worker for Java compile cache (C:\Users\Roberto\.gradle\caches\6.1.1\javaCompile)" [_thread_blocked, id=56624, stack(0x00000000287f0000,0x00000000288f0000)]
  0x0000000021111000 JavaThread "RMI TCP Connection(1)-127.0.0.1" daemon [_thread_in_native, id=60764, stack(0x0000000028bf0000,0x0000000028cf0000)]
  0x0000000021110000 JavaThread "RMI Reaper" [_thread_blocked, id=61316, stack(0x0000000028af0000,0x0000000028bf0000)]
  0x000000002110c800 JavaThread "RMI TCP Accept-0" daemon [_thread_in_native, id=60980, stack(0x00000000289f0000,0x0000000028af0000)]
  0x0000000021103800 JavaThread "GC Daemon" daemon [_thread_blocked, id=61180, stack(0x00000000288f0000,0x00000000289f0000)]
  0x0000000021102800 JavaThread "RMI Scheduler(0)" daemon [_thread_blocked, id=56284, stack(0x00000000286f0000,0x00000000287f0000)]
  0x0000000021108000 JavaThread "stdout" [_thread_in_native, id=47376, stack(0x00000000281f0000,0x00000000282f0000)]
  0x0000000021108800 JavaThread "stderr" [_thread_in_native, id=53868, stack(0x00000000280f0000,0x00000000281f0000)]
  0x0000000021106800 JavaThread "pool-2-thread-1" [_thread_blocked, id=21848, stack(0x0000000027ff0000,0x00000000280f0000)]
  0x0000000021105800 JavaThread "WorkerExecutor Queue Thread 2" [_thread_blocked, id=60532, stack(0x0000000027ef0000,0x0000000027ff0000)]
  0x0000000021105000 JavaThread "WorkerExecutor Queue" [_thread_blocked, id=50736, stack(0x00000000279f0000,0x0000000027af0000)]
  0x0000000021107000 JavaThread "Cache worker for execution history cache (D:\apps\MadLevel2Task1\.gradle\6.1.1\executionHistory)" [_thread_blocked, id=57660, stack(0x0000000026f50000,0x0000000027050000)]
  0x0000000021104000 JavaThread "Execution worker for ':' Thread 7" [_thread_blocked, id=60888, stack(0x00000000276f0000,0x00000000277f0000)]
  0x000000001fab5800 JavaThread "Execution worker for ':' Thread 6" [_thread_blocked, id=59620, stack(0x00000000275f0000,0x00000000276f0000)]
  0x000000001fab4000 JavaThread "Execution worker for ':' Thread 5" [_thread_blocked, id=42588, stack(0x00000000274f0000,0x00000000275f0000)]
  0x000000001fab4800 JavaThread "Execution worker for ':' Thread 4" [_thread_blocked, id=51576, stack(0x00000000273f0000,0x00000000274f0000)]
  0x000000001fab7000 JavaThread "Execution worker for ':' Thread 3" [_thread_blocked, id=56844, stack(0x00000000272f0000,0x00000000273f0000)]
  0x000000001fab6000 JavaThread "Execution worker for ':' Thread 2" [_thread_blocked, id=60072, stack(0x00000000271f0000,0x00000000272f0000)]
  0x000000001fab3000 JavaThread "Execution worker for ':'" [_thread_blocked, id=57744, stack(0x00000000270f0000,0x00000000271f0000)]
  0x000000001fab2800 JavaThread "Cache worker for file content cache (D:\apps\MadLevel2Task1\.gradle\6.1.1\fileContent)" [_thread_blocked, id=53448, stack(0x0000000026550000,0x0000000026650000)]
  0x000000001faab000 JavaThread "Cache worker for file content cache (C:\Users\Roberto\.gradle\caches\6.1.1\fileContent)" [_thread_blocked, id=56672, stack(0x0000000026450000,0x0000000026550000)]
  0x000000001fab1800 JavaThread "Memory manager" [_thread_blocked, id=57908, stack(0x00000000256c0000,0x00000000257c0000)]
  0x000000001faa9800 JavaThread "Cache worker for Build Output Cleanup Cache (D:\apps\MadLevel2Task1\.gradle\buildOutputCleanup)" [_thread_blocked, id=57648, stack(0x00000000231d0000,0x00000000232d0000)]
  0x000000001fab0000 JavaThread "Build operations Thread 8" [_thread_blocked, id=51580, stack(0x00000000251c0000,0x00000000252c0000)]
  0x000000001faa8800 JavaThread "Build operations Thread 7" [_thread_blocked, id=59156, stack(0x00000000250c0000,0x00000000251c0000)]
  0x000000001faaa000 JavaThread "Build operations Thread 6" [_thread_blocked, id=60528, stack(0x0000000024fc0000,0x00000000250c0000)]
  0x000000001faac800 JavaThread "Build operations Thread 5" [_thread_blocked, id=44936, stack(0x0000000024ec0000,0x0000000024fc0000)]
  0x000000001faaf800 JavaThread "Build operations Thread 4" [_thread_blocked, id=61232, stack(0x0000000024dc0000,0x0000000024ec0000)]
  0x000000001faad000 JavaThread "Build operations Thread 3" [_thread_blocked, id=57016, stack(0x0000000024cc0000,0x0000000024dc0000)]
  0x000000001faab800 JavaThread "Build operations Thread 2" [_thread_blocked, id=29532, stack(0x0000000024bc0000,0x0000000024cc0000)]
  0x000000001faa8000 JavaThread "Build operations" [_thread_blocked, id=55548, stack(0x0000000024ac0000,0x0000000024bc0000)]
  0x000000001cefd000 JavaThread "Cache worker for execution history cache (C:\Users\Roberto\.gradle\caches\6.1.1\executionHistory)" [_thread_blocked, id=54448, stack(0x0000000022a50000,0x0000000022b50000)]
  0x000000001cefc800 JavaThread "Cache worker for cache directory md-rule (C:\Users\Roberto\.gradle\caches\6.1.1\md-rule)" [_thread_blocked, id=60976, stack(0x00000000218b0000,0x00000000219b0000)]
  0x000000001cf00000 JavaThread "Cache worker for cache directory md-supplier (C:\Users\Roberto\.gradle\caches\6.1.1\md-supplier)" [_thread_blocked, id=61280, stack(0x0000000021410000,0x0000000021510000)]
  0x000000001cf01800 JavaThread "Cache worker for file hash cache (D:\apps\MadLevel2Task1\.gradle\6.1.1\fileHashes)" [_thread_blocked, id=61152, stack(0x00000000217b0000,0x00000000218b0000)]
  0x000000001cf01000 JavaThread "Cache worker for checksums cache (D:\apps\MadLevel2Task1\.gradle\checksums)" [_thread_blocked, id=59332, stack(0x000000001f110000,0x000000001f210000)]
  0x000000001cefb000 JavaThread "Cache worker for file hash cache (C:\Users\Roberto\.gradle\caches\6.1.1\fileHashes)" [_thread_blocked, id=60012, stack(0x000000001f010000,0x000000001f110000)]
  0x000000001cefe000 JavaThread "File lock request listener" [_thread_in_native, id=61036, stack(0x000000001ef10000,0x000000001f010000)]
  0x000000001c4f9800 JavaThread "Cache worker for journal cache (C:\Users\Roberto\.gradle\caches\journal-1)" [_thread_blocked, id=55012, stack(0x000000001ee10000,0x000000001ef10000)]
  0x000000001cc02000 JavaThread "Thread-9" [_thread_blocked, id=61396, stack(0x000000001eb10000,0x000000001ec10000)]
  0x000000001cbf1000 JavaThread "Stdin handler" [_thread_blocked, id=32708, stack(0x000000001ea10000,0x000000001eb10000)]
  0x000000001cbd8800 JavaThread "Asynchronous log dispatcher for DefaultDaemonConnection: socket connection from /127.0.0.1:63267 to /127.0.0.1:63268" [_thread_blocked, id=59908, stack(0x000000001e810000,0x000000001e910000)]
  0x000000001cbd2800 JavaThread "Daemon worker" [_thread_blocked, id=57304, stack(0x000000001e710000,0x000000001e810000)]
  0x000000001cbb5800 JavaThread "Cancel handler" [_thread_blocked, id=50808, stack(0x000000001e610000,0x000000001e710000)]
  0x000000001c89b000 JavaThread "Handler for socket connection from /127.0.0.1:63267 to /127.0.0.1:63268" [_thread_in_native, id=51452, stack(0x000000001e310000,0x000000001e410000)]
  0x000000001cbdc000 JavaThread "Daemon" [_thread_blocked, id=52696, stack(0x000000001e210000,0x000000001e310000)]
  0x000000001cb38800 JavaThread "Daemon periodic checks" [_thread_blocked, id=53428, stack(0x000000001e110000,0x000000001e210000)]
  0x000000001b1c6000 JavaThread "Incoming local TCP Connector on port 63267" [_thread_in_native, id=56128, stack(0x000000001deb0000,0x000000001dfb0000)]
  0x000000001cb21800 JavaThread "Daemon health stats" [_thread_blocked, id=48116, stack(0x000000001d870000,0x000000001d970000)]
  0x000000001a27a000 JavaThread "Service Thread" daemon [_thread_blocked, id=45236, stack(0x000000001aed0000,0x000000001afd0000)]
  0x000000001a1f5000 JavaThread "C1 CompilerThread3" daemon [_thread_in_native, id=38452, stack(0x000000001add0000,0x000000001aed0000)]
=>0x000000001a1ee000 JavaThread "C2 CompilerThread2" daemon [_thread_in_native, id=54556, stack(0x000000001acd0000,0x000000001add0000)]
  0x000000001a1e8000 JavaThread "C2 CompilerThread1" daemon [_thread_in_native, id=59316, stack(0x000000001abd0000,0x000000001acd0000)]
  0x00000000183ce800 JavaThread "C2 CompilerThread0" daemon [_thread_in_native, id=52800, stack(0x000000001aad0000,0x000000001abd0000)]
  0x000000001a1e5000 JavaThread "Attach Listener" daemon [_thread_blocked, id=52268, stack(0x000000001a9d0000,0x000000001aad0000)]
  0x000000001a1e4000 JavaThread "Signal Dispatcher" daemon [_thread_blocked, id=58768, stack(0x000000001a8d0000,0x000000001a9d0000)]
  0x000000001a1d0800 JavaThread "Finalizer" daemon [_thread_blocked, id=61060, stack(0x000000001a6b0000,0x000000001a7b0000)]
  0x0000000003348000 JavaThread "Reference Handler" daemon [_thread_blocked, id=51524, stack(0x000000001a5b0000,0x000000001a6b0000)]
  0x0000000003252800 JavaThread "main" [_thread_blocked, id=59528, stack(0x0000000003150000,0x0000000003250000)]

Other Threads:
  0x00000000183b6800 VMThread [stack: 0x000000001a0b0000,0x000000001a1b0000] [id=59056]
  0x000000001a23d000 WatcherThread [stack: 0x000000001afd0000,0x000000001b0d0000] [id=54232]

VM state:not at safepoint (normal execution)

VM Mutex/Monitor currently owned by a thread:  ([mutex/lock_event])
[0x00000000032501d0] CompiledIC_lock - owner thread: 0x000000001a1f5000

heap address: 0x0000000080000000, size: 2048 MB, Compressed Oops mode: 32-bit
Narrow klass base: 0x0000000000000000, Narrow klass shift: 3
Compressed class space size: 1073741824 Address: 0x0000000100000000

Heap:
 PSYoungGen      total 294400K, used 276749K [0x00000000d5580000, 0x00000000e9400000, 0x0000000100000000)
  eden space 269824K, 96% used [0x00000000d5580000,0x00000000e52c8f18,0x00000000e5d00000)
  from space 24576K, 70% used [0x00000000e7c00000,0x00000000e8cfa790,0x00000000e9400000)
  to   space 28160K, 0% used [0x00000000e5d00000,0x00000000e5d00000,0x00000000e7880000)
 ParOldGen       total 112128K, used 59338K [0x0000000080000000, 0x0000000086d80000, 0x00000000d5580000)
  object space 112128K, 52% used [0x0000000080000000,0x00000000839f2b90,0x0000000086d80000)
 Metaspace       used 89897K, capacity 95510K, committed 95768K, reserved 1132544K
  class space    used 12400K, capacity 13348K, committed 13360K, reserved 1048576K

Card table byte_map: [0x0000000012710000,0x0000000012b20000] byte_map_base: 0x0000000012310000

Marking Bits: (ParMarkBitMap*) 0x000000006cecf030
 Begin Bits: [0x00000000135d0000, 0x00000000155d0000)
 End Bits:   [0x00000000155d0000, 0x00000000175d0000)

Polling page: 0x00000000018d0000

CodeCache: size=245760Kb used=33892Kb max_used=34000Kb free=211867Kb
 bounds [0x0000000003350000, 0x00000000054b0000, 0x0000000012350000]
 total_blobs=12344 nmethods=11444 adapters=812
 compilation: enabled

Compilation events (10 events):
Event: 25.582 Thread 0x000000001a1f5000 nmethod 13328% 0x00000000054a80d0 code [0x00000000054a8260, 0x00000000054a87e8]
Event: 25.582 Thread 0x000000001a1f5000 13329 %     3       com.android.tools.r8.v.a.a.a.h.K::a @ 78 (281 bytes)
Event: 25.583 Thread 0x000000001a1f5000 nmethod 13329% 0x00000000054a8a50 code [0x00000000054a8c60, 0x00000000054a9888]
Event: 25.583 Thread 0x000000001a1f5000 13331       3       java.util.Arrays::equals (78 bytes)
Event: 25.584 Thread 0x000000001a1f5000 nmethod 13331 0x00000000054a9fd0 code [0x00000000054aa160, 0x00000000054aa648]
Event: 25.584 Thread 0x000000001a1f5000 13330       2       java.io.InputStream::close (1 bytes)
Event: 25.584 Thread 0x000000001a1f5000 nmethod 13330 0x00000000054aa7d0 code [0x00000000054aa920, 0x00000000054aaa70]
Event: 25.584 Thread 0x000000001a1f5000 13332       2       sun.nio.cs.UTF_8$Decoder::xflow (31 bytes)
Event: 25.585 Thread 0x000000001a1f5000 nmethod 13332 0x00000000054aaad0 code [0x00000000054aac60, 0x00000000054aaeb8]
Event: 25.586 Thread 0x000000001a1f5000 13333       3       com.android.tools.r8.v.a.a.a.h.K::a (281 bytes)

GC Heap History (10 events):
Event: 7.014 GC heap before
{Heap before GC invocations=13 (full 2):
 PSYoungGen      total 188928K, used 160186K [0x00000000d5580000, 0x00000000e2480000, 0x0000000100000000)
  eden space 175104K, 83% used [0x00000000d5580000,0x00000000de470788,0x00000000e0080000)
  from space 13824K, 99% used [0x00000000e1700000,0x00000000e247e1e8,0x00000000e2480000)
  to   space 15872K, 0% used [0x00000000e0580000,0x00000000e0580000,0x00000000e1500000)
 ParOldGen       total 74752K, used 20752K [0x0000000080000000, 0x0000000084900000, 0x00000000d5580000)
  object space 74752K, 27% used [0x0000000080000000,0x0000000081444378,0x0000000084900000)
 Metaspace       used 57116K, capacity 59092K, committed 59160K, reserved 1099776K
  class space    used 7763K, capacity 8211K, committed 8240K, reserved 1048576K
Event: 7.032 GC heap after
Heap after GC invocations=13 (full 2):
 PSYoungGen      total 196096K, used 15850K [0x00000000d5580000, 0x00000000e6300000, 0x0000000100000000)
  eden space 180224K, 0% used [0x00000000d5580000,0x00000000d5580000,0x00000000e0580000)
  from space 15872K, 99% used [0x00000000e0580000,0x00000000e14fa9c0,0x00000000e1500000)
  to   space 21504K, 0% used [0x00000000e4e00000,0x00000000e4e00000,0x00000000e6300000)
 ParOldGen       total 74752K, used 29896K [0x0000000080000000, 0x0000000084900000, 0x00000000d5580000)
  object space 74752K, 39% used [0x0000000080000000,0x0000000081d322a8,0x0000000084900000)
 Metaspace       used 57116K, capacity 59092K, committed 59160K, reserved 1099776K
  class space    used 7763K, capacity 8211K, committed 8240K, reserved 1048576K
}
Event: 7.032 GC heap before
{Heap before GC invocations=14 (full 3):
 PSYoungGen      total 196096K, used 15850K [0x00000000d5580000, 0x00000000e6300000, 0x0000000100000000)
  eden space 180224K, 0% used [0x00000000d5580000,0x00000000d5580000,0x00000000e0580000)
  from space 15872K, 99% used [0x00000000e0580000,0x00000000e14fa9c0,0x00000000e1500000)
  to   space 21504K, 0% used [0x00000000e4e00000,0x00000000e4e00000,0x00000000e6300000)
 ParOldGen       total 74752K, used 29896K [0x0000000080000000, 0x0000000084900000, 0x00000000d5580000)
  object space 74752K, 39% used [0x0000000080000000,0x0000000081d322a8,0x0000000084900000)
 Metaspace       used 57116K, capacity 59092K, committed 59160K, reserved 1099776K
  class space    used 7763K, capacity 8211K, committed 8240K, reserved 1048576K
Event: 7.177 GC heap after
Heap after GC invocations=14 (full 3):
 PSYoungGen      total 196096K, used 0K [0x00000000d5580000, 0x00000000e6300000, 0x0000000100000000)
  eden space 180224K, 0% used [0x00000000d5580000,0x00000000d5580000,0x00000000e0580000)
  from space 15872K, 0% used [0x00000000e0580000,0x00000000e0580000,0x00000000e1500000)
  to   space 21504K, 0% used [0x00000000e4e00000,0x00000000e4e00000,0x00000000e6300000)
 ParOldGen       total 112128K, used 37846K [0x0000000080000000, 0x0000000086d80000, 0x00000000d5580000)
  object space 112128K, 33% used [0x0000000080000000,0x00000000824f58b8,0x0000000086d80000)
 Metaspace       used 57083K, capacity 58978K, committed 59160K, reserved 1099776K
  class space    used 7753K, capacity 8192K, committed 8240K, reserved 1048576K
}
Event: 8.674 GC heap before
{Heap before GC invocations=15 (full 3):
 PSYoungGen      total 196096K, used 180224K [0x00000000d5580000, 0x00000000e6300000, 0x0000000100000000)
  eden space 180224K, 100% used [0x00000000d5580000,0x00000000e0580000,0x00000000e0580000)
  from space 15872K, 0% used [0x00000000e0580000,0x00000000e0580000,0x00000000e1500000)
  to   space 21504K, 0% used [0x00000000e4e00000,0x00000000e4e00000,0x00000000e6300000)
 ParOldGen       total 112128K, used 37846K [0x0000000080000000, 0x0000000086d80000, 0x00000000d5580000)
  object space 112128K, 33% used [0x0000000080000000,0x00000000824f58b8,0x0000000086d80000)
 Metaspace       used 64260K, capacity 67654K, committed 67992K, reserved 1107968K
  class space    used 8888K, capacity 9522K, committed 9648K, reserved 1048576K
Event: 8.686 GC heap after
Heap after GC invocations=15 (full 3):
 PSYoungGen      total 243200K, used 16175K [0x00000000d5580000, 0x00000000e5f00000, 0x0000000100000000)
  eden space 225792K, 0% used [0x00000000d5580000,0x00000000d5580000,0x00000000e3200000)
  from space 17408K, 92% used [0x00000000e4e00000,0x00000000e5dcbf88,0x00000000e5f00000)
  to   space 23040K, 0% used [0x00000000e3200000,0x00000000e3200000,0x00000000e4880000)
 ParOldGen       total 112128K, used 37854K [0x0000000080000000, 0x0000000086d80000, 0x00000000d5580000)
  object space 112128K, 33% used [0x0000000080000000,0x00000000824f78b8,0x0000000086d80000)
 Metaspace       used 64260K, capacity 67654K, committed 67992K, reserved 1107968K
  class space    used 8888K, capacity 9522K, committed 9648K, reserved 1048576K
}
Event: 20.214 GC heap before
{Heap before GC invocations=16 (full 3):
 PSYoungGen      total 243200K, used 241967K [0x00000000d5580000, 0x00000000e5f00000, 0x0000000100000000)
  eden space 225792K, 100% used [0x00000000d5580000,0x00000000e3200000,0x00000000e3200000)
  from space 17408K, 92% used [0x00000000e4e00000,0x00000000e5dcbf88,0x00000000e5f00000)
  to   space 23040K, 0% used [0x00000000e3200000,0x00000000e3200000,0x00000000e4880000)
 ParOldGen       total 112128K, used 37854K [0x0000000080000000, 0x0000000086d80000, 0x00000000d5580000)
  object space 112128K, 33% used [0x0000000080000000,0x00000000824f78b8,0x0000000086d80000)
 Metaspace       used 73636K, capacity 77312K, committed 77336K, reserved 1116160K
  class space    used 10087K, capacity 10793K, committed 10800K, reserved 1048576K
Event: 20.239 GC heap after
Heap after GC invocations=16 (full 3):
 PSYoungGen      total 248832K, used 23022K [0x00000000d5580000, 0x00000000e9700000, 0x0000000100000000)
  eden space 225792K, 0% used [0x00000000d5580000,0x00000000d5580000,0x00000000e3200000)
  from space 23040K, 99% used [0x00000000e3200000,0x00000000e487b8c0,0x00000000e4880000)
  to   space 27648K, 0% used [0x00000000e7c00000,0x00000000e7c00000,0x00000000e9700000)
 ParOldGen       total 112128K, used 41641K [0x0000000080000000, 0x0000000086d80000, 0x00000000d5580000)
  object space 112128K, 37% used [0x0000000080000000,0x00000000828aa770,0x0000000086d80000)
 Metaspace       used 73636K, capacity 77312K, committed 77336K, reserved 1116160K
  class space    used 10087K, capacity 10793K, committed 10800K, reserved 1048576K
}
Event: 23.291 GC heap before
{Heap before GC invocations=17 (full 3):
 PSYoungGen      total 248832K, used 248628K [0x00000000d5580000, 0x00000000e9700000, 0x0000000100000000)
  eden space 225792K, 99% used [0x00000000d5580000,0x00000000e31d1b00,0x00000000e3200000)
  from space 23040K, 99% used [0x00000000e3200000,0x00000000e487b8c0,0x00000000e4880000)
  to   space 27648K, 0% used [0x00000000e7c00000,0x00000000e7c00000,0x00000000e9700000)
 ParOldGen       total 112128K, used 41641K [0x0000000080000000, 0x0000000086d80000, 0x00000000d5580000)
  object space 112128K, 37% used [0x0000000080000000,0x00000000828aa770,0x0000000086d80000)
 Metaspace       used 81391K, capacity 85466K, committed 85528K, reserved 1122304K
  class space    used 11090K, capacity 11800K, committed 11824K, reserved 1048576K
Event: 23.317 GC heap after
Heap after GC invocations=17 (full 3):
 PSYoungGen      total 294400K, used 17385K [0x00000000d5580000, 0x00000000e9400000, 0x0000000100000000)
  eden space 269824K, 0% used [0x00000000d5580000,0x00000000d5580000,0x00000000e5d00000)
  from space 24576K, 70% used [0x00000000e7c00000,0x00000000e8cfa790,0x00000000e9400000)
  to   space 28160K, 0% used [0x00000000e5d00000,0x00000000e5d00000,0x00000000e7880000)
 ParOldGen       total 112128K, used 59338K [0x0000000080000000, 0x0000000086d80000, 0x00000000d5580000)
  object space 112128K, 52% used [0x0000000080000000,0x00000000839f2b90,0x0000000086d80000)
 Metaspace       used 81391K, capacity 85466K, committed 85528K, reserved 1122304K
  class space    used 11090K, capacity 11800K, committed 11824K, reserved 1048576K
}

Deoptimization events (10 events):
Event: 25.224 Thread 0x0000000021105000 Uncommon trap: reason=class_check action=maybe_recompile pc=0x0000000004da0dc4 method=java.util.stream.AbstractPipeline.wrapAndCopyInto(Ljava/util/stream/Sink;Ljava/util/Spliterator;)Ljava/util/stream/Sink; @ 6
Event: 25.358 Thread 0x000000001fab3000 Uncommon trap: reason=array_check action=maybe_recompile pc=0x00000000048436f8 method=java.util.TimSort.binarySort([Ljava/lang/Object;IIILjava/util/Comparator;)V @ 215
Event: 25.361 Thread 0x0000000021105800 Uncommon trap: reason=array_check action=maybe_recompile pc=0x00000000048436f8 method=java.util.TimSort.binarySort([Ljava/lang/Object;IIILjava/util/Comparator;)V @ 215
Event: 25.372 Thread 0x0000000021105800 Uncommon trap: reason=class_check action=maybe_recompile pc=0x0000000004236ae8 method=java.util.Spliterators$ArraySpliterator.forEachRemaining(Ljava/util/function/Consumer;)V @ 53
Event: 25.373 Thread 0x0000000021105800 Uncommon trap: reason=class_check action=maybe_recompile pc=0x0000000004236ae8 method=java.util.Spliterators$ArraySpliterator.forEachRemaining(Ljava/util/function/Consumer;)V @ 53
Event: 25.373 Thread 0x0000000021105800 Uncommon trap: reason=class_check action=maybe_recompile pc=0x0000000004236ae8 method=java.util.Spliterators$ArraySpliterator.forEachRemaining(Ljava/util/function/Consumer;)V @ 53
Event: 25.373 Thread 0x0000000021105800 Uncommon trap: reason=class_check action=maybe_recompile pc=0x0000000004236ae8 method=java.util.Spliterators$ArraySpliterator.forEachRemaining(Ljava/util/function/Consumer;)V @ 53
Event: 25.402 Thread 0x0000000021105000 Uncommon trap: reason=array_check action=maybe_recompile pc=0x0000000004d4f434 method=java.util.TimSort.binarySort([Ljava/lang/Object;IIILjava/util/Comparator;)V @ 183
Event: 25.402 Thread 0x0000000021105000 Uncommon trap: reason=array_check action=maybe_recompile pc=0x0000000004d4f434 method=java.util.TimSort.binarySort([Ljava/lang/Object;IIILjava/util/Comparator;)V @ 183
Event: 25.429 Thread 0x0000000020914800 Uncommon trap: reason=unstable_if action=reinterpret pc=0x0000000004d4d314 method=java.util.TimSort.mergeHi(IIII)V @ 529

Classes redefined (0 events):
No events

Internal exceptions (10 events):
Event: 25.187 Thread 0x000000002110d000 Exception <a 'sun/nio/fs/WindowsException'> (0x00000000e2122460) thrown at [C:\src\AOSP-openjdk-git\hotspot\src\share\vm\prims\jni.cpp, line 710]
Event: 25.187 Thread 0x000000002110d000 Exception <a 'sun/nio/fs/WindowsException'> (0x00000000e2123a08) thrown at [C:\src\AOSP-openjdk-git\hotspot\src\share\vm\prims\jni.cpp, line 710]
Event: 25.337 Thread 0x0000000021fc1000 Exception <a 'sun/nio/fs/WindowsException'> (0x00000000e21f78a0) thrown at [C:\src\AOSP-openjdk-git\hotspot\src\share\vm\prims\jni.cpp, line 710]
Event: 25.339 Thread 0x0000000021fc1000 Exception <a 'sun/nio/fs/WindowsException'> (0x00000000e2f567c8) thrown at [C:\src\AOSP-openjdk-git\hotspot\src\share\vm\prims\jni.cpp, line 710]
Event: 25.340 Thread 0x0000000021fc1000 Exception <a 'sun/nio/fs/WindowsException'> (0x00000000e2f5cf80) thrown at [C:\src\AOSP-openjdk-git\hotspot\src\share\vm\prims\jni.cpp, line 710]
Event: 25.342 Thread 0x0000000021fc1000 Exception <a 'sun/nio/fs/WindowsException'> (0x00000000e2f67040) thrown at [C:\src\AOSP-openjdk-git\hotspot\src\share\vm\prims\jni.cpp, line 710]
Event: 25.344 Thread 0x0000000021fc1000 Exception <a 'sun/nio/fs/WindowsException'> (0x00000000e2f6f000) thrown at [C:\src\AOSP-openjdk-git\hotspot\src\share\vm\prims\jni.cpp, line 710]
Event: 25.345 Thread 0x000000002110d000 Exception <a 'sun/nio/fs/WindowsException'> (0x00000000e307f630) thrown at [C:\src\AOSP-openjdk-git\hotspot\src\share\vm\prims\jni.cpp, line 710]
Event: 25.372 Thread 0x0000000021105800 Exception <a 'sun/nio/fs/WindowsException'> (0x00000000e32c6f30) thrown at [C:\src\AOSP-openjdk-git\hotspot\src\share\vm\prims\jni.cpp, line 710]
Event: 25.479 Thread 0x0000000020914800 Exception <a 'sun/nio/fs/WindowsException'> (0x00000000e4631d68) thrown at [C:\src\AOSP-openjdk-git\hotspot\src\share\vm\prims\jni.cpp, line 710]

Events (10 events):
Event: 25.569 loading class com/android/build/gradle/internal/tasks/ValidateSigningTask$createDefaultDebugKeystoreIfNeeded$1 done
Event: 25.569 loading class com/android/builder/utils/ExceptionConsumer
Event: 25.569 loading class com/android/builder/utils/ExceptionConsumer done
Event: 25.585 loading class com/android/builder/utils/ExceptionFunction
Event: 25.585 loading class com/android/builder/utils/ExceptionFunction done
Event: 25.585 loading class com/android/builder/utils/ExceptionFunction
Event: 25.585 loading class com/android/builder/utils/ExceptionFunction done
Event: 25.586 loading class com/android/builder/utils/SynchronizedFile$LockingType
Event: 25.586 loading class com/android/builder/utils/SynchronizedFile$LockingType done
Event: 25.586 Executing VM operation: RevokeBias


Dynamic libraries:
0x00007ff6e0710000 - 0x00007ff6e0741000 	C:\Program Files\Android\Android Studio\jre\bin\java.exe
0x00007ffb0a8e0000 - 0x00007ffb0aad0000 	C:\WINDOWS\SYSTEM32\ntdll.dll
0x00007ffb08990000 - 0x00007ffb08a42000 	C:\WINDOWS\System32\KERNEL32.DLL
0x00007ffb07860000 - 0x00007ffb07b04000 	C:\WINDOWS\System32\KERNELBASE.dll
0x00007ffb09f20000 - 0x00007ffb09fc3000 	C:\WINDOWS\System32\ADVAPI32.dll
0x00007ffb08eb0000 - 0x00007ffb08f4e000 	C:\WINDOWS\System32\msvcrt.dll
0x00007ffb0a710000 - 0x00007ffb0a7a7000 	C:\WINDOWS\System32\sechost.dll
0x00007ffb09330000 - 0x00007ffb09450000 	C:\WINDOWS\System32\RPCRT4.dll
0x00007ffb08f50000 - 0x00007ffb090e5000 	C:\WINDOWS\System32\USER32.dll
0x00007ffb07ca0000 - 0x00007ffb07cc1000 	C:\WINDOWS\System32\win32u.dll
0x00007ffb08df0000 - 0x00007ffb08e16000 	C:\WINDOWS\System32\GDI32.dll
0x00007ffb08740000 - 0x00007ffb088d6000 	C:\WINDOWS\System32\gdi32full.dll
0x00007ffb08650000 - 0x00007ffb086ee000 	C:\WINDOWS\System32\msvcp_win.dll
0x00007ffb07ba0000 - 0x00007ffb07c9a000 	C:\WINDOWS\System32\ucrtbase.dll
0x00007ffaf29a0000 - 0x00007ffaf2c24000 	C:\WINDOWS\WinSxS\amd64_microsoft.windows.common-controls_6595b64144ccf1df_6.0.18362.1016_none_9e7a36bbe461dae4\COMCTL32.dll
0x00007ffb08a50000 - 0x00007ffb08d85000 	C:\WINDOWS\System32\combase.dll
0x00007ffb08460000 - 0x00007ffb084e0000 	C:\WINDOWS\System32\bcryptPrimitives.dll
0x00007ffb08e20000 - 0x00007ffb08e4e000 	C:\WINDOWS\System32\IMM32.DLL
0x000000006bea0000 - 0x000000006bf72000 	C:\Program Files\Android\Android Studio\jre\jre\bin\msvcr100.dll
0x000000006c700000 - 0x000000006cf4b000 	C:\Program Files\Android\Android Studio\jre\jre\bin\server\jvm.dll
0x00007ffb0a6e0000 - 0x00007ffb0a6e8000 	C:\WINDOWS\System32\PSAPI.DLL
0x00007ffb062e0000 - 0x00007ffb062e9000 	C:\WINDOWS\SYSTEM32\WSOCK32.dll
0x00007ffb02790000 - 0x00007ffb0279a000 	C:\WINDOWS\SYSTEM32\VERSION.dll
0x00007ffb02890000 - 0x00007ffb028b4000 	C:\WINDOWS\SYSTEM32\WINMM.dll
0x00007ffb0a7b0000 - 0x00007ffb0a81f000 	C:\WINDOWS\System32\WS2_32.dll
0x00007ffb02830000 - 0x00007ffb0285d000 	C:\WINDOWS\SYSTEM32\winmmbase.dll
0x00007ffb086f0000 - 0x00007ffb0873a000 	C:\WINDOWS\System32\cfgmgr32.dll
0x00007ffafeff0000 - 0x00007ffafefff000 	C:\Program Files\Android\Android Studio\jre\jre\bin\verify.dll
0x00007ffafad60000 - 0x00007ffafad89000 	C:\Program Files\Android\Android Studio\jre\jre\bin\java.dll
0x00007ffafc7f0000 - 0x00007ffafc806000 	C:\Program Files\Android\Android Studio\jre\jre\bin\zip.dll
0x00007ffb095b0000 - 0x00007ffb09c97000 	C:\WINDOWS\System32\SHELL32.dll
0x00007ffb0a630000 - 0x00007ffb0a6d9000 	C:\WINDOWS\System32\shcore.dll
0x00007ffb07cd0000 - 0x00007ffb08452000 	C:\WINDOWS\System32\windows.storage.dll
0x00007ffb077e0000 - 0x00007ffb07803000 	C:\WINDOWS\System32\profapi.dll
0x00007ffb07810000 - 0x00007ffb0785a000 	C:\WINDOWS\System32\powrprof.dll
0x00007ffb07790000 - 0x00007ffb077a0000 	C:\WINDOWS\System32\UMPDC.dll
0x00007ffb08e50000 - 0x00007ffb08ea2000 	C:\WINDOWS\System32\shlwapi.dll
0x00007ffb077c0000 - 0x00007ffb077d1000 	C:\WINDOWS\System32\kernel.appcore.dll
0x00007ffb08630000 - 0x00007ffb08647000 	C:\WINDOWS\System32\cryptsp.dll
0x00007ffafc580000 - 0x00007ffafc59a000 	C:\Program Files\Android\Android Studio\jre\jre\bin\net.dll
0x00007ffb06f90000 - 0x00007ffb06ff7000 	C:\WINDOWS\system32\mswsock.dll
0x00007ffafac70000 - 0x00007ffafac83000 	C:\Program Files\Android\Android Studio\jre\jre\bin\nio.dll
0x00007ffaf5550000 - 0x00007ffaf5576000 	C:\Users\Roberto\.gradle\native\31\windows-amd64\native-platform.dll
0x00007ffafc8a0000 - 0x00007ffafc8ad000 	C:\Program Files\Android\Android Studio\jre\jre\bin\management.dll
0x00007ffb06b00000 - 0x00007ffb06b33000 	C:\WINDOWS\system32\rsaenh.dll
0x00007ffb07b70000 - 0x00007ffb07b96000 	C:\WINDOWS\System32\bcrypt.dll
0x00007ffb076b0000 - 0x00007ffb076d5000 	C:\WINDOWS\SYSTEM32\USERENV.dll
0x00007ffb07160000 - 0x00007ffb0716c000 	C:\WINDOWS\SYSTEM32\CRYPTBASE.dll
0x00007ffb06ca0000 - 0x00007ffb06cda000 	C:\WINDOWS\SYSTEM32\IPHLPAPI.DLL
0x00007ffb09520000 - 0x00007ffb09528000 	C:\WINDOWS\System32\NSI.dll
0x00007ffaff8f0000 - 0x00007ffaff906000 	C:\WINDOWS\SYSTEM32\dhcpcsvc6.DLL
0x00007ffb00610000 - 0x00007ffb0062c000 	C:\WINDOWS\SYSTEM32\dhcpcsvc.DLL
0x00007ffb06ce0000 - 0x00007ffb06dab000 	C:\WINDOWS\SYSTEM32\DNSAPI.dll
0x00007ffafa7e0000 - 0x00007ffafa7fe000 	C:\Users\Roberto\AppData\Local\Temp\native-platform5460391777138386793dir\native-platform.dll

VM Arguments:
jvm_args: -Xmx2048m -Dfile.encoding=windows-1252 -Duser.country=NL -Duser.language=nl -Duser.variant 
java_command: org.gradle.launcher.daemon.bootstrap.GradleDaemon 6.1.1
java_class_path (initial): C:\Users\Roberto\.gradle\wrapper\dists\gradle-6.1.1-all\cfmwm155h49vnt3hynmlrsdst\gradle-6.1.1\lib\gradle-launcher-6.1.1.jar
Launcher Type: SUN_STANDARD

Environment Variables:
JAVA_HOME=C:\Program Files\Java\jdk1.8.0_102
PATH=C:\ProgramData\Oracle\Java\javapath;C:\Program Files (x86)\Intel\iCLS Client\;C:\Program Files\Intel\iCLS Client\;C:\Windows\system32;C:\Windows;C:\Windows\System32\Wbem;C:\Windows\System32\WindowsPowerShell\v1.0\;C:\Program Files (x86)\Intel\Intel(R) Management Engine Components\DAL;C:\Program Files\Intel\Intel(R) Management Engine Components\DAL;C:\Program Files (x86)\Intel\Intel(R) Management Engine Components\IPT;C:\Program Files\Intel\Intel(R) Management Engine Components\IPT;C:\WINDOWS\system32;C:\WINDOWS;C:\WINDOWS\System32\Wbem;C:\WINDOWS\System32\WindowsPowerShell\v1.0\;C:\Program Files (x86)\NVIDIA Corporation\PhysX\Common;C:\Program Files\Microsoft SQL Server\130\Tools\Binn\;C:\Program Files\dotnet\;C:\Program Files\Git\cmd;C:\xampp\php;C:\ProgramData\ComposerSetup\bin;C:\WINDOWS\System32\OpenSSH\;C:\Program Files\Intel\WiFi\bin\;C:\Program Files\Common Files\Intel\WirelessCommon\;C:\WINDOWS\system32;C:\WINDOWS;C:\WINDOWS\System32\Wbem;C:\WINDOWS\System32\WindowsPowerShell\v1.0\;C:\WINDOWS\System32\OpenSSH\;C:\Program Files\nodejs\;C:\Users\Roberto\AppData\Local\Microsoft\WindowsApps;C:\Users\Roberto\AppData\Roaming\Composer\vendor\bin;C:\Users\Roberto\AppData\Local\Programs\Microsoft VS Code\bin;C:\Program Files\Intel\WiFi\bin\;C:\Program Files\Common Files\Intel\WirelessCommon\;C:\src\flutter\bin;C:\Users\Roberto\AppData\Roaming\npm
USERNAME=Roberto
OS=Windows_NT
PROCESSOR_IDENTIFIER=Intel64 Family 6 Model 94 Stepping 3, GenuineIntel



---------------  S Y S T E M  ---------------

OS: Windows 10.0 , 64 bit Build 18362 (10.0.18362.959)

CPU:total 8 (initial active 8) (4 cores per cpu, 2 threads per core) family 6 model 94 stepping 3, cmov, cx8, fxsr, mmx, sse, sse2, sse3, ssse3, sse4.1, sse4.2, popcnt, avx, avx2, aes, clmul, erms, rtm, 3dnowpref, lzcnt, ht, tsc, tscinvbit, bmi1, bmi2, adx

Memory: 4k page, physical 8284696k(838632k free), swap 33450520k(5264k free)

vm_info: OpenJDK 64-Bit Server VM (25.242-b01) for windows-amd64 JRE (1.8.0_242-release-1644-b01), built by "builder" with MS VC++ 10.0 (VS2010)

time: Tue Sep 08 20:22:10 2020
timezone: West-Europa (zomertijd)
elapsed time: 25 seconds (0d 0h 0m 25s)

