#
# There is insufficient memory for the Java Runtime Environment to continue.
# Native memory allocation (malloc) failed to allocate 32744 bytes for ChunkPool::allocate
# Possible reasons:
#   The system is out of physical RAM or swap space
#   The process is running with CompressedOops enabled, and the Java Heap may be blocking the growth of the native heap
# Possible solutions:
#   Reduce memory load on the system
#   Increase physical memory or swap space
#   Check if swap backing store is full
#   Decrease Java heap size (-Xmx/-Xms)
#   Decrease number of Java threads
#   Decrease Java thread stack sizes (-Xss)
#   Set larger code cache with -XX:ReservedCodeCacheSize=
#   JVM is running with Unscaled Compressed Oops mode in which the Java heap is
#     placed in the first 4GB address space. The Java Heap base address is the
#     maximum limit for the native heap growth. Please use -XX:HeapBaseMinAddress
#     to set the Java Heap base and to place the Java Heap above 4GB virtual address.
# This output file may be truncated or incomplete.
#
#  Out of Memory Error (allocation.cpp:272), pid=61304, tid=0x000000000000d6e4
#
# JRE version: OpenJDK Runtime Environment (8.0_242-b01) (build 1.8.0_242-release-1644-b01)
# Java VM: OpenJDK 64-Bit Server VM (25.242-b01 mixed mode windows-amd64 compressed oops)
# Failed to write core dump. Minidumps are not enabled by default on client versions of Windows
#

---------------  T H R E A D  ---------------

Current thread (0x0000000019a8a000):  JavaThread "C1 CompilerThread3" daemon [_thread_in_native, id=55012, stack(0x000000001a660000,0x000000001a760000)]

Stack: [0x000000001a660000,0x000000001a760000]
[error occurred during error reporting (printing stack bounds), id 0xc0000005]

Native frames: (J=compiled Java code, j=interpreted, Vv=VM code, C=native code)


Current CompileTask:
C1:    207  196       3       jdk.internal.org.objectweb.asm.Frame::execute (2252 bytes)


---------------  P R O C E S S  ---------------

Java Threads: ( => current thread )
  0x0000000019ab8800 JavaThread "Service Thread" daemon [_thread_blocked, id=52696, stack(0x000000001a760000,0x000000001a860000)]
=>0x0000000019a8a000 JavaThread "C1 CompilerThread3" daemon [_thread_in_native, id=55012, stack(0x000000001a660000,0x000000001a760000)]
  0x0000000019a78800 JavaThread "C2 CompilerThread2" daemon [_thread_blocked, id=53428, stack(0x000000001a560000,0x000000001a660000)]
  0x0000000019a75000 JavaThread "C2 CompilerThread1" daemon [_thread_blocked, id=56128, stack(0x000000001a460000,0x000000001a560000)]
  0x0000000019a71800 JavaThread "C2 CompilerThread0" daemon [_thread_in_native, id=51684, stack(0x000000001a360000,0x000000001a460000)]
  0x0000000019a70800 JavaThread "Attach Listener" daemon [_thread_blocked, id=48116, stack(0x000000001a260000,0x000000001a360000)]
  0x0000000019a6f000 JavaThread "Signal Dispatcher" daemon [_thread_blocked, id=54232, stack(0x000000001a160000,0x000000001a260000)]
  0x0000000019a60800 JavaThread "Finalizer" daemon [_thread_blocked, id=45236, stack(0x0000000019f40000,0x000000001a040000)]
  0x0000000002cc8000 JavaThread "Reference Handler" daemon [_thread_blocked, id=38452, stack(0x0000000019e40000,0x0000000019f40000)]
  0x0000000002bd3000 JavaThread "main" [_thread_in_Java, id=57584, stack(0x0000000002a50000,0x0000000002b50000)]

Other Threads:
  0x0000000017c66000 VMThread [stack: 0x0000000019940000,0x0000000019a40000] [id=54556]
  0x0000000019ab9800 WatcherThread [stack: 0x000000001a860000,0x000000001a960000] [id=51452]

VM state:not at safepoint (normal execution)

VM Mutex/Monitor currently owned by a thread: None

heap address: 0x0000000081800000, size: 2024 MB, Compressed Oops mode: 32-bit
Narrow klass base: 0x0000000000000000, Narrow klass shift: 3
Compressed class space size: 1073741824 Address: 0x0000000100000000

Heap:
 PSYoungGen      total 38400K, used 4771K [0x00000000d5d80000, 0x00000000d8800000, 0x0000000100000000)
  eden space 33280K, 14% used [0x00000000d5d80000,0x00000000d6228f40,0x00000000d7e00000)
  from space 5120K, 0% used [0x00000000d8300000,0x00000000d8300000,0x00000000d8800000)
  to   space 5120K, 0% used [0x00000000d7e00000,0x00000000d7e00000,0x00000000d8300000)
 ParOldGen       total 87552K, used 0K [0x0000000081800000, 0x0000000086d80000, 0x00000000d5d80000)
  object space 87552K, 0% used [0x0000000081800000,0x0000000081800000,0x0000000086d80000)
 Metaspace       used 4239K, capacity 5054K, committed 5120K, reserved 1056768K
  class space    used 436K, capacity 497K, committed 512K, reserved 1048576K

Card table byte_map: [0x0000000012090000,0x0000000012490000] byte_map_base: 0x0000000011c84000

Marking Bits: (ParMarkBitMap*) 0x000000006cecf030
 Begin Bits: [0x0000000012f40000, 0x0000000014ee0000)
 End Bits:   [0x0000000014ee0000, 0x0000000016e80000)

Polling page: 0x00000000011a0000

CodeCache: size=245760Kb used=1396Kb max_used=1408Kb free=244363Kb
 bounds [0x0000000002cd0000, 0x0000000002f40000, 0x0000000011cd0000]
 total_blobs=475 nmethods=210 adapters=179
 compilation: enabled

Compilation events (10 events):
Event: 0.189 Thread 0x0000000019a8a000  192       3       java.lang.invoke.MemberName::isConstructor (7 bytes)
Event: 0.190 Thread 0x0000000019a8a000 nmethod 192 0x0000000002e26d10 code [0x0000000002e26e80, 0x0000000002e270f0]
Event: 0.190 Thread 0x0000000019a8a000  193       3       java.lang.invoke.InvokerBytecodeGenerator::isStaticallyNameable (116 bytes)
Event: 0.191 Thread 0x0000000019a8a000 nmethod 193 0x0000000002e277d0 code [0x0000000002e27b40, 0x0000000002e29c18]
Event: 0.191 Thread 0x0000000019a8a000  196       3       jdk.internal.org.objectweb.asm.Frame::execute (2252 bytes)
Event: 0.192 Thread 0x0000000019a78800  208       4       jdk.internal.org.objectweb.asm.ByteVector::putUTF8 (142 bytes)
Event: 0.199 Thread 0x0000000019a78800 nmethod 208 0x0000000002e2f290 code [0x0000000002e2f3e0, 0x0000000002e2f868]
Event: 0.202 Thread 0x0000000019a75000  222       4       java.lang.String::equals (81 bytes)
Event: 0.203 Thread 0x0000000019a71800  223       4       java.lang.AbstractStringBuilder::ensureCapacityInternal (27 bytes)
Event: 0.205 Thread 0x0000000019a75000 nmethod 222 0x0000000002e2d450 code [0x0000000002e2d5a0, 0x0000000002e2d7d8]

GC Heap History (0 events):
No events

Deoptimization events (0 events):
No events

Classes redefined (0 events):
No events

Internal exceptions (4 events):
Event: 0.025 Thread 0x0000000002bd3000 Exception <a 'java/lang/NoSuchMethodError': Method sun.misc.Unsafe.defineClass(Ljava/lang/String;[BII)Ljava/lang/Class; name or signature does not match> (0x00000000d5d87cc8) thrown at [C:\src\AOSP-openjdk-git\hotspot\src\share\vm\prims\jni.cpp, line 4013
Event: 0.025 Thread 0x0000000002bd3000 Exception <a 'java/lang/NoSuchMethodError': Method sun.misc.Unsafe.prefetchRead(Ljava/lang/Object;J)V name or signature does not match> (0x00000000d5d87fb0) thrown at [C:\src\AOSP-openjdk-git\hotspot\src\share\vm\prims\jni.cpp, line 4013]
Event: 0.193 Thread 0x0000000002bd3000 Exception <a 'java/lang/NoSuchFieldError': method resolution failed> (0x00000000d6127700) thrown at [C:\src\AOSP-openjdk-git\hotspot\src\share\vm\prims\methodHandles.cpp, line 1167]
Event: 0.194 Thread 0x0000000002bd3000 Exception <a 'java/lang/NoSuchFieldError': method resolution failed> (0x00000000d6134b30) thrown at [C:\src\AOSP-openjdk-git\hotspot\src\share\vm\prims\methodHandles.cpp, line 1167]

Events (10 events):
Event: 0.205 loading class java/security/AllPermissionCollection done
Event: 0.205 loading class java/lang/invoke/InfoFromMemberName
Event: 0.205 loading class java/lang/invoke/MethodHandleInfo
Event: 0.205 loading class java/lang/invoke/MethodHandleInfo done
Event: 0.205 loading class java/lang/invoke/InfoFromMemberName done
Event: 0.205 loading class java/lang/invoke/InnerClassLambdaMetafactory$ForwardingMethodGenerator
Event: 0.205 loading class java/lang/invoke/TypeConvertingMethodAdapter
Event: 0.205 loading class java/lang/invoke/TypeConvertingMethodAdapter done
Event: 0.206 loading class java/lang/invoke/InnerClassLambdaMetafactory$ForwardingMethodGenerator done
Event: 0.206 loading class java/lang/invoke/InnerClassLambdaMetafactory$1


Dynamic libraries:
0x00007ff6fb300000 - 0x00007ff6fb331000 	C:\Program Files\Android\Android Studio\jre\jre\bin\java.exe
0x00007ffb0a8e0000 - 0x00007ffb0aad0000 	C:\WINDOWS\SYSTEM32\ntdll.dll
0x00007ffb08990000 - 0x00007ffb08a42000 	C:\WINDOWS\System32\KERNEL32.DLL
0x00007ffb07860000 - 0x00007ffb07b04000 	C:\WINDOWS\System32\KERNELBASE.dll
0x00007ffb09f20000 - 0x00007ffb09fc3000 	C:\WINDOWS\System32\ADVAPI32.dll
0x00007ffb08eb0000 - 0x00007ffb08f4e000 	C:\WINDOWS\System32\msvcrt.dll
0x00007ffb0a710000 - 0x00007ffb0a7a7000 	C:\WINDOWS\System32\sechost.dll
0x00007ffb09330000 - 0x00007ffb09450000 	C:\WINDOWS\System32\RPCRT4.dll
0x00007ffb08f50000 - 0x00007ffb090e5000 	C:\WINDOWS\System32\USER32.dll
0x00007ffb07ca0000 - 0x00007ffb07cc1000 	C:\WINDOWS\System32\win32u.dll
0x00007ffb08df0000 - 0x00007ffb08e16000 	C:\WINDOWS\System32\GDI32.dll
0x00007ffb08740000 - 0x00007ffb088d6000 	C:\WINDOWS\System32\gdi32full.dll
0x00007ffb08650000 - 0x00007ffb086ee000 	C:\WINDOWS\System32\msvcp_win.dll
0x00007ffb07ba0000 - 0x00007ffb07c9a000 	C:\WINDOWS\System32\ucrtbase.dll
0x00007ffaf29a0000 - 0x00007ffaf2c24000 	C:\WINDOWS\WinSxS\amd64_microsoft.windows.common-controls_6595b64144ccf1df_6.0.18362.1016_none_9e7a36bbe461dae4\COMCTL32.dll
0x00007ffb08a50000 - 0x00007ffb08d85000 	C:\WINDOWS\System32\combase.dll
0x00007ffb08460000 - 0x00007ffb084e0000 	C:\WINDOWS\System32\bcryptPrimitives.dll
0x00007ffb08e20000 - 0x00007ffb08e4e000 	C:\WINDOWS\System32\IMM32.DLL
0x000000006bea0000 - 0x000000006bf72000 	C:\Program Files\Android\Android Studio\jre\jre\bin\msvcr100.dll
0x000000006c700000 - 0x000000006cf4b000 	C:\Program Files\Android\Android Studio\jre\jre\bin\server\jvm.dll
0x00007ffb0a6e0000 - 0x00007ffb0a6e8000 	C:\WINDOWS\System32\PSAPI.DLL
0x00007ffb062e0000 - 0x00007ffb062e9000 	C:\WINDOWS\SYSTEM32\WSOCK32.dll
0x00007ffb02790000 - 0x00007ffb0279a000 	C:\WINDOWS\SYSTEM32\VERSION.dll
0x00007ffb02890000 - 0x00007ffb028b4000 	C:\WINDOWS\SYSTEM32\WINMM.dll
0x00007ffb0a7b0000 - 0x00007ffb0a81f000 	C:\WINDOWS\System32\WS2_32.dll
0x00007ffb02830000 - 0x00007ffb0285d000 	C:\WINDOWS\SYSTEM32\WINMMBASE.dll
0x00007ffb086f0000 - 0x00007ffb0873a000 	C:\WINDOWS\System32\cfgmgr32.dll
0x00007ffafeff0000 - 0x00007ffafefff000 	C:\Program Files\Android\Android Studio\jre\jre\bin\verify.dll
0x00007ffafad60000 - 0x00007ffafad89000 	C:\Program Files\Android\Android Studio\jre\jre\bin\java.dll
0x00007ffafc7f0000 - 0x00007ffafc806000 	C:\Program Files\Android\Android Studio\jre\jre\bin\zip.dll
0x00007ffb095b0000 - 0x00007ffb09c97000 	C:\WINDOWS\System32\SHELL32.dll
0x00007ffb0a630000 - 0x00007ffb0a6d9000 	C:\WINDOWS\System32\shcore.dll
0x00007ffb07cd0000 - 0x00007ffb08452000 	C:\WINDOWS\System32\windows.storage.dll
0x00007ffb077e0000 - 0x00007ffb07803000 	C:\WINDOWS\System32\profapi.dll
0x00007ffb07810000 - 0x00007ffb0785a000 	C:\WINDOWS\System32\powrprof.dll
0x00007ffb07790000 - 0x00007ffb077a0000 	C:\WINDOWS\System32\UMPDC.dll
0x00007ffb08e50000 - 0x00007ffb08ea2000 	C:\WINDOWS\System32\shlwapi.dll
0x00007ffb077c0000 - 0x00007ffb077d1000 	C:\WINDOWS\System32\kernel.appcore.dll
0x00007ffb08630000 - 0x00007ffb08647000 	C:\WINDOWS\System32\cryptsp.dll

VM Arguments:
java_command: org.jetbrains.kotlin.cli.jvm.K2JVMCompiler @D:\apps\MadLevel2Task1\app\build\20200908_2788663985344090245.compiler.options
java_class_path (initial): C:\Users\Roberto\.gradle\caches\modules-2\files-2.1\org.jetbrains.kotlin\kotlin-compiler-embeddable\1.4.0\e5f0d669a77787ccbccd49c71b57bfd7b35faec4\kotlin-compiler-embeddable-1.4.0.jar;C:\Users\Roberto\.gradle\caches\modules-2\files-2.1\org.jetbrains.kotlin\kotlin-reflect\1.4.0\aa2101a19d8688e368ae6e35e8967550ced73884\kotlin-reflect-1.4.0.jar;C:\Users\Roberto\.gradle\caches\modules-2\files-2.1\org.jetbrains.kotlin\kotlin-stdlib\1.4.0\63e75298e93d4ae0b299bb869cf0c627196f8843\kotlin-stdlib-1.4.0.jar;C:\Users\Roberto\.gradle\caches\modules-2\files-2.1\org.jetbrains.kotlin\kotlin-script-runtime\1.4.0\52ac54a56c9121f54fcca387c5a0f441d1af9be8\kotlin-script-runtime-1.4.0.jar;C:\Users\Roberto\.gradle\caches\modules-2\files-2.1\org.jetbrains.kotlin\kotlin-daemon-embeddable\1.4.0\633873c93bba12bcf764e1cf8fb36baa5501b8ff\kotlin-daemon-embeddable-1.4.0.jar;C:\Users\Roberto\.gradle\caches\modules-2\files-2.1\org.jetbrains.intellij.deps\trove4j\1.0.20181211\216c2e14b070f334479d800987affe4054cd563f\trove4j-1.0.20181211.jar;C:\Users\Roberto\.gradle\caches\modules-2\files-2.1\org.jetbrains.kotlin\kotlin-stdlib-common\1.4.0\1c752cce0ead8d504ccc88a4fed6471fd83ab0dd\kotlin-stdlib-common-1.4.0.jar;C:\Users\Roberto\.gradle\caches\modules-2\files-2.1\org.jetbrains\annotations\13.0\919f0dfe192fb4e063e7dacadee7f8bb9a2672a9\annotations-13.0.jar;C:\Program Files\Android\Android Studio\jre\lib\tools.jar
Launcher Type: SUN_STANDARD

Environment Variables:
JAVA_HOME=C:\Program Files\Java\jdk1.8.0_102
PATH=C:\ProgramData\Oracle\Java\javapath;C:\Program Files (x86)\Intel\iCLS Client\;C:\Program Files\Intel\iCLS Client\;C:\Windows\system32;C:\Windows;C:\Windows\System32\Wbem;C:\Windows\System32\WindowsPowerShell\v1.0\;C:\Program Files (x86)\Intel\Intel(R) Management Engine Components\DAL;C:\Program Files\Intel\Intel(R) Management Engine Components\DAL;C:\Program Files (x86)\Intel\Intel(R) Management Engine Components\IPT;C:\Program Files\Intel\Intel(R) Management Engine Components\IPT;C:\WINDOWS\system32;C:\WINDOWS;C:\WINDOWS\System32\Wbem;C:\WINDOWS\System32\WindowsPowerShell\v1.0\;C:\Program Files (x86)\NVIDIA Corporation\PhysX\Common;C:\Program Files\Microsoft SQL Server\130\Tools\Binn\;C:\Program Files\dotnet\;C:\Program Files\Git\cmd;C:\xampp\php;C:\ProgramData\ComposerSetup\bin;C:\WINDOWS\System32\OpenSSH\;C:\Program Files\Intel\WiFi\bin\;C:\Program Files\Common Files\Intel\WirelessCommon\;C:\WINDOWS\system32;C:\WINDOWS;C:\WINDOWS\System32\Wbem;C:\WINDOWS\System32\WindowsPowerShell\v1.0\;C:\WINDOWS\System32\OpenSSH\;C:\Program Files\nodejs\;C:\Users\Roberto\AppData\Local\Microsoft\WindowsApps;C:\Users\Roberto\AppData\Roaming\Composer\vendor\bin;C:\Users\Roberto\AppData\Local\Programs\Microsoft VS Code\bin;C:\Program Files\Intel\WiFi\bin\;C:\Program Files\Common Files\Intel\WirelessCommon\;C:\src\flutter\bin;C:\Users\Roberto\AppData\Roaming\npm
USERNAME=Roberto
OS=Windows_NT
PROCESSOR_IDENTIFIER=Intel64 Family 6 Model 94 Stepping 3, GenuineIntel



---------------  S Y S T E M  ---------------

OS: Windows 10.0 , 64 bit Build 18362 (10.0.18362.959)

CPU:total 8 (initial active 8) (4 cores per cpu, 2 threads per core) family 6 model 94 stepping 3, cmov, cx8, fxsr, mmx, sse, sse2, sse3, ssse3, sse4.1, sse4.2, popcnt, avx, avx2, aes, clmul, erms, rtm, 3dnowpref, lzcnt, ht, tsc, tscinvbit, bmi1, bmi2, adx

Memory: 4k page, physical 8284696k(1027156k free), swap 33450520k(4100k free)

vm_info: OpenJDK 64-Bit Server VM (25.242-b01) for windows-amd64 JRE (1.8.0_242-release-1644-b01), built by "builder" with MS VC++ 10.0 (VS2010)

time: Tue Sep 08 20:19:22 2020
timezone: West-Europa (zomertijd)
elapsed time: 0 seconds (0d 0h 0m 0s)

